<?xml version="1.0" encoding="utf-8"?>
<CoverageSession>
  <Summary numSequencePoints="2444" visitedSequencePoints="89" numBranchPoints="560" visitedBranchPoints="24" sequenceCoverage="3.64" branchCoverage="4.28" maxCyclomaticComplexity="284" minCyclomaticComplexity="2" visitedClasses="16" numClasses="156" visitedMethods="24" numMethods="299" />
  <Modules>
    <Module hash="449D996E-E59E-4543-9447-25E9D04FA7AD">
      <ModulePath>LeagueManager.Api.CompetitionApi.dll</ModulePath>
      <ModuleTime>2019-11-19T07:12:02</ModuleTime>
      <ModuleName>LeagueManager.Api.CompetitionApi</ModuleName>
      <Files>
        <File uid="1" fullPath="C:\Users\ngrus\Google Drive\Repos\LeagueManager\src\Presentation\Api\LeagueManager.Api.CompetitionApi\Program.cs" />
        <File uid="2" fullPath="C:\Users\ngrus\Google Drive\Repos\LeagueManager\src\Presentation\Api\LeagueManager.Api.CompetitionApi\Startup.cs" />
        <File uid="3" fullPath="C:\Users\ngrus\Google Drive\Repos\LeagueManager\src\Presentation\Api\LeagueManager.Api.CompetitionApi\Dto\UpdateScoreDto.cs" />
        <File uid="4" fullPath="C:\Users\ngrus\Google Drive\Repos\LeagueManager\src\Presentation\Api\LeagueManager.Api.CompetitionApi\Dto\UpdateTeamLeagueMatchDto.cs" />
        <File uid="5" fullPath="C:\Users\ngrus\Google Drive\Repos\LeagueManager\src\Presentation\Api\LeagueManager.Api.CompetitionApi\Controllers\CompetitionController.cs" />
        <File uid="6" fullPath="C:\Users\ngrus\Google Drive\Repos\LeagueManager\src\Presentation\Api\LeagueManager.Api.CompetitionApi\AutoMapper\CompetitionApiProfile.cs" />
      </Files>
      <Classes>
        <Class>
          <Summary numSequencePoints="21" visitedSequencePoints="0" numBranchPoints="0" visitedBranchPoints="0" sequenceCoverage="0" branchCoverage="100" maxCyclomaticComplexity="1" minCyclomaticComplexity="1" visitedClasses="0" numClasses="1" visitedMethods="0" numMethods="2" />
          <FullName>LeagueManager.Api.CompetitionApi.Program</FullName>
          <Methods>
            <Method cyclomaticComplexity="1" nPathComplexity="0" sequenceCoverage="0" branchCoverage="100" isConstructor="False" isGetter="False" isSetter="False" isStatic="True">
              <Summary numSequencePoints="19" visitedSequencePoints="0" numBranchPoints="0" visitedBranchPoints="0" sequenceCoverage="0" branchCoverage="100" maxCyclomaticComplexity="1" minCyclomaticComplexity="1" visitedClasses="0" numClasses="0" visitedMethods="0" numMethods="1" />
              <MetadataToken />
              <Name>System.Void LeagueManager.Api.CompetitionApi.Program::Main(System.String[])</Name>
              <FileRef uid="1" />
              <SequencePoints>
                <SequencePoint vc="0" uspid="15" ordinal="0" sl="15" sc="1" el="15" ec="2" bec="0" bev="0" fileid="1" />
                <SequencePoint vc="0" uspid="16" ordinal="1" sl="16" sc="1" el="16" ec="2" bec="0" bev="0" fileid="1" />
                <SequencePoint vc="0" uspid="18" ordinal="2" sl="18" sc="1" el="18" ec="2" bec="0" bev="0" fileid="1" />
                <SequencePoint vc="0" uspid="19" ordinal="3" sl="19" sc="1" el="19" ec="2" bec="0" bev="0" fileid="1" />
                <SequencePoint vc="0" uspid="21" ordinal="4" sl="21" sc="1" el="21" ec="2" bec="0" bev="0" fileid="1" />
                <SequencePoint vc="0" uspid="22" ordinal="5" sl="22" sc="1" el="22" ec="2" bec="0" bev="0" fileid="1" />
                <SequencePoint vc="0" uspid="24" ordinal="6" sl="24" sc="1" el="24" ec="2" bec="0" bev="0" fileid="1" />
                <SequencePoint vc="0" uspid="25" ordinal="7" sl="25" sc="1" el="25" ec="2" bec="0" bev="0" fileid="1" />
                <SequencePoint vc="0" uspid="26" ordinal="8" sl="26" sc="1" el="26" ec="2" bec="0" bev="0" fileid="1" />
                <SequencePoint vc="0" uspid="27" ordinal="9" sl="27" sc="1" el="27" ec="2" bec="0" bev="0" fileid="1" />
                <SequencePoint vc="0" uspid="28" ordinal="10" sl="28" sc="1" el="28" ec="2" bec="0" bev="0" fileid="1" />
                <SequencePoint vc="0" uspid="29" ordinal="11" sl="29" sc="1" el="29" ec="2" bec="0" bev="0" fileid="1" />
                <SequencePoint vc="0" uspid="30" ordinal="12" sl="30" sc="1" el="30" ec="2" bec="0" bev="0" fileid="1" />
                <SequencePoint vc="0" uspid="31" ordinal="13" sl="31" sc="1" el="31" ec="2" bec="0" bev="0" fileid="1" />
                <SequencePoint vc="0" uspid="32" ordinal="14" sl="32" sc="1" el="32" ec="2" bec="0" bev="0" fileid="1" />
                <SequencePoint vc="0" uspid="33" ordinal="15" sl="33" sc="1" el="33" ec="2" bec="0" bev="0" fileid="1" />
                <SequencePoint vc="0" uspid="34" ordinal="16" sl="34" sc="1" el="34" ec="2" bec="0" bev="0" fileid="1" />
                <SequencePoint vc="0" uspid="36" ordinal="17" sl="36" sc="1" el="36" ec="2" bec="0" bev="0" fileid="1" />
                <SequencePoint vc="0" uspid="37" ordinal="18" sl="37" sc="1" el="37" ec="2" bec="0" bev="0" fileid="1" />
              </SequencePoints>
              <BranchPoints />
              <MethodPoint vc="0" uspid="0" p8:type="SequencePoint" ordinal="0" offset="0" sc="0" sl="15" ec="1" el="37" bec="0" bev="0" fileid="1" xmlns:p8="xsi" />
            </Method>
            <Method cyclomaticComplexity="1" nPathComplexity="0" sequenceCoverage="0" branchCoverage="100" isConstructor="False" isGetter="False" isSetter="False" isStatic="True">
              <Summary numSequencePoints="2" visitedSequencePoints="0" numBranchPoints="0" visitedBranchPoints="0" sequenceCoverage="0" branchCoverage="100" maxCyclomaticComplexity="1" minCyclomaticComplexity="1" visitedClasses="0" numClasses="0" visitedMethods="0" numMethods="1" />
              <MetadataToken />
              <Name>Microsoft.AspNetCore.Hosting.IWebHostBuilder LeagueManager.Api.CompetitionApi.Program::CreateWebHostBuilder(System.String[])</Name>
              <FileRef uid="1" />
              <SequencePoints>
                <SequencePoint vc="0" uspid="40" ordinal="0" sl="40" sc="1" el="40" ec="2" bec="0" bev="0" fileid="1" />
                <SequencePoint vc="0" uspid="41" ordinal="1" sl="41" sc="1" el="41" ec="2" bec="0" bev="0" fileid="1" />
              </SequencePoints>
              <BranchPoints />
              <MethodPoint vc="0" uspid="0" p8:type="SequencePoint" ordinal="1" offset="1" sc="0" sl="40" ec="1" el="41" bec="0" bev="0" fileid="1" xmlns:p8="xsi" />
            </Method>
          </Methods>
        </Class>
        <Class>
          <Summary numSequencePoints="70" visitedSequencePoints="0" numBranchPoints="18" visitedBranchPoints="0" sequenceCoverage="0" branchCoverage="0" maxCyclomaticComplexity="12" minCyclomaticComplexity="1" visitedClasses="0" numClasses="1" visitedMethods="0" numMethods="4" />
          <FullName>LeagueManager.Api.CompetitionApi.Startup</FullName>
          <Methods>
            <Method cyclomaticComplexity="1" nPathComplexity="0" sequenceCoverage="0" branchCoverage="100" isConstructor="False" isGetter="True" isSetter="False" isStatic="True">
              <Summary numSequencePoints="1" visitedSequencePoints="0" numBranchPoints="0" visitedBranchPoints="0" sequenceCoverage="0" branchCoverage="100" maxCyclomaticComplexity="1" minCyclomaticComplexity="1" visitedClasses="0" numClasses="0" visitedMethods="0" numMethods="1" />
              <MetadataToken />
              <Name>Microsoft.Extensions.Configuration.IConfiguration LeagueManager.Api.CompetitionApi.Startup::get_Configuration()</Name>
              <FileRef uid="2" />
              <SequencePoints>
                <SequencePoint vc="0" uspid="32" ordinal="0" sl="32" sc="1" el="32" ec="2" bec="0" bev="0" fileid="2" />
              </SequencePoints>
              <BranchPoints />
              <MethodPoint vc="0" uspid="0" p8:type="SequencePoint" ordinal="0" offset="0" sc="0" sl="32" ec="1" el="32" bec="0" bev="0" fileid="2" xmlns:p8="xsi" />
            </Method>
            <Method cyclomaticComplexity="12" nPathComplexity="0" sequenceCoverage="0" branchCoverage="0" isConstructor="False" isGetter="False" isSetter="False" isStatic="True">
              <Summary numSequencePoints="37" visitedSequencePoints="0" numBranchPoints="12" visitedBranchPoints="0" sequenceCoverage="0" branchCoverage="0" maxCyclomaticComplexity="12" minCyclomaticComplexity="12" visitedClasses="0" numClasses="0" visitedMethods="0" numMethods="1" />
              <MetadataToken />
              <Name>System.Void LeagueManager.Api.CompetitionApi.Startup::ConfigureServices(Microsoft.Extensions.DependencyInjection.IServiceCollection)</Name>
              <FileRef uid="2" />
              <SequencePoints>
                <SequencePoint vc="0" uspid="36" ordinal="0" sl="36" sc="1" el="36" ec="2" bec="0" bev="0" fileid="2" />
                <SequencePoint vc="0" uspid="37" ordinal="1" sl="37" sc="1" el="37" ec="2" bec="0" bev="0" fileid="2" />
                <SequencePoint vc="0" uspid="38" ordinal="2" sl="38" sc="1" el="38" ec="2" bec="0" bev="0" fileid="2" />
                <SequencePoint vc="0" uspid="39" ordinal="3" sl="39" sc="1" el="39" ec="2" bec="0" bev="0" fileid="2" />
                <SequencePoint vc="0" uspid="40" ordinal="4" sl="40" sc="1" el="40" ec="2" bec="0" bev="0" fileid="2" />
                <SequencePoint vc="0" uspid="41" ordinal="5" sl="41" sc="1" el="41" ec="2" bec="0" bev="0" fileid="2" />
                <SequencePoint vc="0" uspid="42" ordinal="6" sl="42" sc="1" el="42" ec="2" bec="0" bev="0" fileid="2" />
                <SequencePoint vc="0" uspid="43" ordinal="7" sl="43" sc="1" el="43" ec="2" bec="0" bev="0" fileid="2" />
                <SequencePoint vc="0" uspid="45" ordinal="8" sl="45" sc="1" el="45" ec="2" bec="0" bev="0" fileid="2" />
                <SequencePoint vc="0" uspid="46" ordinal="9" sl="46" sc="1" el="46" ec="2" bec="0" bev="0" fileid="2" />
                <SequencePoint vc="0" uspid="47" ordinal="10" sl="47" sc="1" el="47" ec="2" bec="0" bev="0" fileid="2" />
                <SequencePoint vc="0" uspid="48" ordinal="11" sl="48" sc="1" el="48" ec="2" bec="0" bev="0" fileid="2" />
                <SequencePoint vc="0" uspid="49" ordinal="12" sl="49" sc="1" el="49" ec="2" bec="0" bev="0" fileid="2" />
                <SequencePoint vc="0" uspid="50" ordinal="13" sl="50" sc="1" el="50" ec="2" bec="0" bev="0" fileid="2" />
                <SequencePoint vc="0" uspid="51" ordinal="14" sl="51" sc="1" el="51" ec="2" bec="0" bev="0" fileid="2" />
                <SequencePoint vc="0" uspid="52" ordinal="15" sl="52" sc="1" el="52" ec="2" bec="0" bev="0" fileid="2" />
                <SequencePoint vc="0" uspid="54" ordinal="16" sl="54" sc="1" el="54" ec="2" bec="0" bev="0" fileid="2" />
                <SequencePoint vc="0" uspid="55" ordinal="17" sl="55" sc="1" el="55" ec="2" bec="0" bev="0" fileid="2" />
                <SequencePoint vc="0" uspid="56" ordinal="18" sl="56" sc="1" el="56" ec="2" bec="0" bev="0" fileid="2" />
                <SequencePoint vc="0" uspid="57" ordinal="19" sl="57" sc="1" el="57" ec="2" bec="0" bev="0" fileid="2" />
                <SequencePoint vc="0" uspid="58" ordinal="20" sl="58" sc="1" el="58" ec="2" bec="0" bev="0" fileid="2" />
                <SequencePoint vc="0" uspid="60" ordinal="21" sl="60" sc="1" el="60" ec="2" bec="0" bev="0" fileid="2" />
                <SequencePoint vc="0" uspid="61" ordinal="22" sl="61" sc="1" el="61" ec="2" bec="0" bev="0" fileid="2" />
                <SequencePoint vc="0" uspid="62" ordinal="23" sl="62" sc="1" el="62" ec="2" bec="0" bev="0" fileid="2" />
                <SequencePoint vc="0" uspid="63" ordinal="24" sl="63" sc="1" el="63" ec="2" bec="0" bev="0" fileid="2" />
                <SequencePoint vc="0" uspid="64" ordinal="25" sl="64" sc="1" el="64" ec="2" bec="0" bev="0" fileid="2" />
                <SequencePoint vc="0" uspid="65" ordinal="26" sl="65" sc="1" el="65" ec="2" bec="0" bev="0" fileid="2" />
                <SequencePoint vc="0" uspid="67" ordinal="27" sl="67" sc="1" el="67" ec="2" bec="0" bev="0" fileid="2" />
                <SequencePoint vc="0" uspid="68" ordinal="28" sl="68" sc="1" el="68" ec="2" bec="0" bev="0" fileid="2" />
                <SequencePoint vc="0" uspid="69" ordinal="29" sl="69" sc="1" el="69" ec="2" bec="0" bev="0" fileid="2" />
                <SequencePoint vc="0" uspid="70" ordinal="30" sl="70" sc="1" el="70" ec="2" bec="0" bev="0" fileid="2" />
                <SequencePoint vc="0" uspid="71" ordinal="31" sl="71" sc="1" el="71" ec="2" bec="0" bev="0" fileid="2" />
                <SequencePoint vc="0" uspid="73" ordinal="32" sl="73" sc="1" el="73" ec="2" bec="0" bev="0" fileid="2" />
                <SequencePoint vc="0" uspid="74" ordinal="33" sl="74" sc="1" el="74" ec="2" bec="0" bev="0" fileid="2" />
                <SequencePoint vc="0" uspid="75" ordinal="34" sl="75" sc="1" el="75" ec="2" bec="0" bev="0" fileid="2" />
                <SequencePoint vc="0" uspid="76" ordinal="35" sl="76" sc="1" el="76" ec="2" bec="0" bev="0" fileid="2" />
                <SequencePoint vc="0" uspid="77" ordinal="36" sl="77" sc="1" el="77" ec="2" bec="0" bev="0" fileid="2" />
              </SequencePoints>
              <BranchPoints>
                <BranchPoint vc="0" uspid="38" ordinal="0" path="0" offset="30" offsetend="32" sl="38" fileid="2" />
                <BranchPoint vc="0" uspid="38" ordinal="1" path="1" offset="30" offsetend="55" sl="38" fileid="2" />
                <BranchPoint vc="0" uspid="45" ordinal="2" path="0" offset="79" offsetend="81" sl="45" fileid="2" />
                <BranchPoint vc="0" uspid="45" ordinal="3" path="1" offset="79" offsetend="104" sl="45" fileid="2" />
                <BranchPoint vc="0" uspid="45" ordinal="4" path="0" offset="115" offsetend="117" sl="45" fileid="2" />
                <BranchPoint vc="0" uspid="45" ordinal="5" path="1" offset="115" offsetend="140" sl="45" fileid="2" />
                <BranchPoint vc="0" uspid="54" ordinal="6" path="0" offset="178" offsetend="180" sl="54" fileid="2" />
                <BranchPoint vc="0" uspid="54" ordinal="7" path="1" offset="178" offsetend="203" sl="54" fileid="2" />
                <BranchPoint vc="0" uspid="67" ordinal="8" path="0" offset="286" offsetend="288" sl="67" fileid="2" />
                <BranchPoint vc="0" uspid="67" ordinal="9" path="1" offset="286" offsetend="311" sl="67" fileid="2" />
                <BranchPoint vc="0" uspid="68" ordinal="10" path="0" offset="324" offsetend="326" sl="68" fileid="2" />
                <BranchPoint vc="0" uspid="68" ordinal="11" path="1" offset="324" offsetend="349" sl="68" fileid="2" />
              </BranchPoints>
              <MethodPoint vc="0" uspid="0" p8:type="SequencePoint" ordinal="1" offset="1" sc="0" sl="36" ec="1" el="77" bec="0" bev="0" fileid="2" xmlns:p8="xsi" />
            </Method>
            <Method cyclomaticComplexity="6" nPathComplexity="0" sequenceCoverage="0" branchCoverage="0" isConstructor="False" isGetter="False" isSetter="False" isStatic="True">
              <Summary numSequencePoints="28" visitedSequencePoints="0" numBranchPoints="6" visitedBranchPoints="0" sequenceCoverage="0" branchCoverage="0" maxCyclomaticComplexity="6" minCyclomaticComplexity="6" visitedClasses="0" numClasses="0" visitedMethods="0" numMethods="1" />
              <MetadataToken />
              <Name>System.Void LeagueManager.Api.CompetitionApi.Startup::Configure(Microsoft.AspNetCore.Builder.IApplicationBuilder,Microsoft.AspNetCore.Hosting.IHostingEnvironment)</Name>
              <FileRef uid="2" />
              <SequencePoints>
                <SequencePoint vc="0" uspid="81" ordinal="0" sl="81" sc="1" el="81" ec="2" bec="0" bev="0" fileid="2" />
                <SequencePoint vc="0" uspid="82" ordinal="1" sl="82" sc="1" el="82" ec="2" bec="0" bev="0" fileid="2" />
                <SequencePoint vc="0" uspid="83" ordinal="2" sl="83" sc="1" el="83" ec="2" bec="0" bev="0" fileid="2" />
                <SequencePoint vc="0" uspid="84" ordinal="3" sl="84" sc="1" el="84" ec="2" bec="0" bev="0" fileid="2" />
                <SequencePoint vc="0" uspid="85" ordinal="4" sl="85" sc="1" el="85" ec="2" bec="0" bev="0" fileid="2" />
                <SequencePoint vc="0" uspid="87" ordinal="5" sl="87" sc="1" el="87" ec="2" bec="0" bev="0" fileid="2" />
                <SequencePoint vc="0" uspid="89" ordinal="6" sl="89" sc="1" el="89" ec="2" bec="0" bev="0" fileid="2" />
                <SequencePoint vc="0" uspid="90" ordinal="7" sl="90" sc="1" el="90" ec="2" bec="0" bev="0" fileid="2" />
                <SequencePoint vc="0" uspid="92" ordinal="8" sl="92" sc="1" el="92" ec="2" bec="0" bev="0" fileid="2" />
                <SequencePoint vc="0" uspid="93" ordinal="9" sl="93" sc="1" el="93" ec="2" bec="0" bev="0" fileid="2" />
                <SequencePoint vc="0" uspid="94" ordinal="10" sl="94" sc="1" el="94" ec="2" bec="0" bev="0" fileid="2" />
                <SequencePoint vc="0" uspid="96" ordinal="11" sl="96" sc="1" el="96" ec="2" bec="0" bev="0" fileid="2" />
                <SequencePoint vc="0" uspid="97" ordinal="12" sl="97" sc="1" el="97" ec="2" bec="0" bev="0" fileid="2" />
                <SequencePoint vc="0" uspid="98" ordinal="13" sl="98" sc="1" el="98" ec="2" bec="0" bev="0" fileid="2" />
                <SequencePoint vc="0" uspid="99" ordinal="14" sl="99" sc="1" el="99" ec="2" bec="0" bev="0" fileid="2" />
                <SequencePoint vc="0" uspid="100" ordinal="15" sl="100" sc="1" el="100" ec="2" bec="0" bev="0" fileid="2" />
                <SequencePoint vc="0" uspid="101" ordinal="16" sl="101" sc="1" el="101" ec="2" bec="0" bev="0" fileid="2" />
                <SequencePoint vc="0" uspid="102" ordinal="17" sl="102" sc="1" el="102" ec="2" bec="0" bev="0" fileid="2" />
                <SequencePoint vc="0" uspid="103" ordinal="18" sl="103" sc="1" el="103" ec="2" bec="0" bev="0" fileid="2" />
                <SequencePoint vc="0" uspid="104" ordinal="19" sl="104" sc="1" el="104" ec="2" bec="0" bev="0" fileid="2" />
                <SequencePoint vc="0" uspid="105" ordinal="20" sl="105" sc="1" el="105" ec="2" bec="0" bev="0" fileid="2" />
                <SequencePoint vc="0" uspid="106" ordinal="21" sl="106" sc="1" el="106" ec="2" bec="0" bev="0" fileid="2" />
                <SequencePoint vc="0" uspid="110" ordinal="22" sl="110" sc="1" el="110" ec="2" bec="0" bev="0" fileid="2" />
                <SequencePoint vc="0" uspid="111" ordinal="23" sl="111" sc="1" el="111" ec="2" bec="0" bev="0" fileid="2" />
                <SequencePoint vc="0" uspid="112" ordinal="24" sl="112" sc="1" el="112" ec="2" bec="0" bev="0" fileid="2" />
                <SequencePoint vc="0" uspid="113" ordinal="25" sl="113" sc="1" el="113" ec="2" bec="0" bev="0" fileid="2" />
                <SequencePoint vc="0" uspid="114" ordinal="26" sl="114" sc="1" el="114" ec="2" bec="0" bev="0" fileid="2" />
                <SequencePoint vc="0" uspid="115" ordinal="27" sl="115" sc="1" el="115" ec="2" bec="0" bev="0" fileid="2" />
              </SequencePoints>
              <BranchPoints>
                <BranchPoint vc="0" uspid="82" ordinal="0" path="0" offset="9" offsetend="11" sl="82" fileid="2" />
                <BranchPoint vc="0" uspid="82" ordinal="1" path="1" offset="9" offsetend="22" sl="82" fileid="2" />
                <BranchPoint vc="0" uspid="96" ordinal="2" path="0" offset="59" offsetend="61" sl="96" fileid="2" />
                <BranchPoint vc="0" uspid="96" ordinal="3" path="1" offset="59" offsetend="84" sl="96" fileid="2" />
                <BranchPoint vc="0" uspid="110" ordinal="4" path="0" offset="97" offsetend="99" sl="110" fileid="2" />
                <BranchPoint vc="0" uspid="110" ordinal="5" path="1" offset="97" offsetend="122" sl="110" fileid="2" />
              </BranchPoints>
              <MethodPoint vc="0" uspid="0" p8:type="SequencePoint" ordinal="2" offset="2" sc="0" sl="81" ec="1" el="115" bec="0" bev="0" fileid="2" xmlns:p8="xsi" />
            </Method>
            <Method cyclomaticComplexity="1" nPathComplexity="0" sequenceCoverage="0" branchCoverage="100" isConstructor="True" isGetter="False" isSetter="False" isStatic="True">
              <Summary numSequencePoints="4" visitedSequencePoints="0" numBranchPoints="0" visitedBranchPoints="0" sequenceCoverage="0" branchCoverage="100" maxCyclomaticComplexity="1" minCyclomaticComplexity="1" visitedClasses="0" numClasses="0" visitedMethods="0" numMethods="1" />
              <MetadataToken />
              <Name>System.Void LeagueManager.Api.CompetitionApi.Startup::.ctor(Microsoft.Extensions.Configuration.IConfiguration)</Name>
              <FileRef uid="2" />
              <SequencePoints>
                <SequencePoint vc="0" uspid="27" ordinal="0" sl="27" sc="1" el="27" ec="2" bec="0" bev="0" fileid="2" />
                <SequencePoint vc="0" uspid="28" ordinal="1" sl="28" sc="1" el="28" ec="2" bec="0" bev="0" fileid="2" />
                <SequencePoint vc="0" uspid="29" ordinal="2" sl="29" sc="1" el="29" ec="2" bec="0" bev="0" fileid="2" />
                <SequencePoint vc="0" uspid="30" ordinal="3" sl="30" sc="1" el="30" ec="2" bec="0" bev="0" fileid="2" />
              </SequencePoints>
              <BranchPoints />
              <MethodPoint vc="0" uspid="0" p8:type="SequencePoint" ordinal="3" offset="3" sc="0" sl="27" ec="1" el="30" bec="0" bev="0" fileid="2" xmlns:p8="xsi" />
            </Method>
          </Methods>
        </Class>
        <Class>
          <Summary numSequencePoints="0" visitedSequencePoints="0" numBranchPoints="4" visitedBranchPoints="0" sequenceCoverage="100" branchCoverage="0" maxCyclomaticComplexity="2" minCyclomaticComplexity="2" visitedClasses="0" numClasses="1" visitedMethods="0" numMethods="0" />
          <FullName>LeagueManager.Api.CompetitionApi.Startup/&lt;&gt;c</FullName>
          <Methods />
        </Class>
        <Class>
          <Summary numSequencePoints="2" visitedSequencePoints="0" numBranchPoints="0" visitedBranchPoints="0" sequenceCoverage="0" branchCoverage="100" maxCyclomaticComplexity="1" minCyclomaticComplexity="1" visitedClasses="0" numClasses="1" visitedMethods="0" numMethods="2" />
          <FullName>LeagueManager.Api.CompetitionApi.Dto.UpdateScoreDto</FullName>
          <Methods>
            <Method cyclomaticComplexity="1" nPathComplexity="0" sequenceCoverage="0" branchCoverage="100" isConstructor="False" isGetter="True" isSetter="False" isStatic="True">
              <Summary numSequencePoints="1" visitedSequencePoints="0" numBranchPoints="0" visitedBranchPoints="0" sequenceCoverage="0" branchCoverage="100" maxCyclomaticComplexity="1" minCyclomaticComplexity="1" visitedClasses="0" numClasses="0" visitedMethods="0" numMethods="1" />
              <MetadataToken />
              <Name>LeagueManager.Application.TeamLeagues.Queries.Dto.TeamMatchEntryDto LeagueManager.Api.CompetitionApi.Dto.UpdateScoreDto::get_HomeMatchEntry()</Name>
              <FileRef uid="3" />
              <SequencePoints>
                <SequencePoint vc="0" uspid="7" ordinal="0" sl="7" sc="1" el="7" ec="2" bec="0" bev="0" fileid="3" />
              </SequencePoints>
              <BranchPoints />
              <MethodPoint vc="0" uspid="0" p8:type="SequencePoint" ordinal="0" offset="0" sc="0" sl="7" ec="1" el="7" bec="0" bev="0" fileid="3" xmlns:p8="xsi" />
            </Method>
            <Method cyclomaticComplexity="1" nPathComplexity="0" sequenceCoverage="0" branchCoverage="100" isConstructor="False" isGetter="True" isSetter="False" isStatic="True">
              <Summary numSequencePoints="1" visitedSequencePoints="0" numBranchPoints="0" visitedBranchPoints="0" sequenceCoverage="0" branchCoverage="100" maxCyclomaticComplexity="1" minCyclomaticComplexity="1" visitedClasses="0" numClasses="0" visitedMethods="0" numMethods="1" />
              <MetadataToken />
              <Name>LeagueManager.Application.TeamLeagues.Queries.Dto.TeamMatchEntryDto LeagueManager.Api.CompetitionApi.Dto.UpdateScoreDto::get_AwayMatchEntry()</Name>
              <FileRef uid="3" />
              <SequencePoints>
                <SequencePoint vc="0" uspid="8" ordinal="0" sl="8" sc="1" el="8" ec="2" bec="0" bev="0" fileid="3" />
              </SequencePoints>
              <BranchPoints />
              <MethodPoint vc="0" uspid="0" p8:type="SequencePoint" ordinal="1" offset="1" sc="0" sl="8" ec="1" el="8" bec="0" bev="0" fileid="3" xmlns:p8="xsi" />
            </Method>
          </Methods>
        </Class>
        <Class>
          <Summary numSequencePoints="3" visitedSequencePoints="3" numBranchPoints="0" visitedBranchPoints="0" sequenceCoverage="100" branchCoverage="100" maxCyclomaticComplexity="1" minCyclomaticComplexity="1" visitedClasses="1" numClasses="1" visitedMethods="3" numMethods="3" />
          <FullName>LeagueManager.Api.CompetitionApi.Dto.UpdateTeamLeagueMatchDto</FullName>
          <Methods>
            <Method cyclomaticComplexity="1" nPathComplexity="0" sequenceCoverage="100" branchCoverage="100" isConstructor="False" isGetter="True" isSetter="False" isStatic="True">
              <Summary numSequencePoints="1" visitedSequencePoints="1" numBranchPoints="0" visitedBranchPoints="0" sequenceCoverage="100" branchCoverage="100" maxCyclomaticComplexity="1" minCyclomaticComplexity="1" visitedClasses="0" numClasses="0" visitedMethods="1" numMethods="1" />
              <MetadataToken />
              <Name>System.String LeagueManager.Api.CompetitionApi.Dto.UpdateTeamLeagueMatchDto::get_HomeTeam()</Name>
              <FileRef uid="4" />
              <SequencePoints>
                <SequencePoint vc="4" uspid="7" ordinal="0" sl="7" sc="1" el="7" ec="2" bec="0" bev="0" fileid="4" />
              </SequencePoints>
              <BranchPoints />
              <MethodPoint vc="1" uspid="0" p8:type="SequencePoint" ordinal="0" offset="0" sc="0" sl="7" ec="1" el="7" bec="0" bev="0" fileid="4" xmlns:p8="xsi" />
            </Method>
            <Method cyclomaticComplexity="1" nPathComplexity="0" sequenceCoverage="100" branchCoverage="100" isConstructor="False" isGetter="True" isSetter="False" isStatic="True">
              <Summary numSequencePoints="1" visitedSequencePoints="1" numBranchPoints="0" visitedBranchPoints="0" sequenceCoverage="100" branchCoverage="100" maxCyclomaticComplexity="1" minCyclomaticComplexity="1" visitedClasses="0" numClasses="0" visitedMethods="1" numMethods="1" />
              <MetadataToken />
              <Name>System.String LeagueManager.Api.CompetitionApi.Dto.UpdateTeamLeagueMatchDto::get_AwayTeam()</Name>
              <FileRef uid="4" />
              <SequencePoints>
                <SequencePoint vc="3" uspid="8" ordinal="0" sl="8" sc="1" el="8" ec="2" bec="0" bev="0" fileid="4" />
              </SequencePoints>
              <BranchPoints />
              <MethodPoint vc="1" uspid="0" p8:type="SequencePoint" ordinal="1" offset="1" sc="0" sl="8" ec="1" el="8" bec="0" bev="0" fileid="4" xmlns:p8="xsi" />
            </Method>
            <Method cyclomaticComplexity="1" nPathComplexity="0" sequenceCoverage="100" branchCoverage="100" isConstructor="False" isGetter="True" isSetter="False" isStatic="True">
              <Summary numSequencePoints="1" visitedSequencePoints="1" numBranchPoints="0" visitedBranchPoints="0" sequenceCoverage="100" branchCoverage="100" maxCyclomaticComplexity="1" minCyclomaticComplexity="1" visitedClasses="0" numClasses="0" visitedMethods="1" numMethods="1" />
              <MetadataToken />
              <Name>System.Nullable`1&lt;System.DateTime&gt; LeagueManager.Api.CompetitionApi.Dto.UpdateTeamLeagueMatchDto::get_StartTime()</Name>
              <FileRef uid="4" />
              <SequencePoints>
                <SequencePoint vc="3" uspid="9" ordinal="0" sl="9" sc="1" el="9" ec="2" bec="0" bev="0" fileid="4" />
              </SequencePoints>
              <BranchPoints />
              <MethodPoint vc="1" uspid="0" p8:type="SequencePoint" ordinal="2" offset="2" sc="0" sl="9" ec="1" el="9" bec="0" bev="0" fileid="4" xmlns:p8="xsi" />
            </Method>
          </Methods>
        </Class>
        <Class>
          <Summary numSequencePoints="7" visitedSequencePoints="7" numBranchPoints="0" visitedBranchPoints="0" sequenceCoverage="100" branchCoverage="100" maxCyclomaticComplexity="1" minCyclomaticComplexity="1" visitedClasses="1" numClasses="1" visitedMethods="1" numMethods="1" />
          <FullName>LeagueManager.Api.CompetitionApi.Controllers.CompetitionController</FullName>
          <Methods>
            <Method cyclomaticComplexity="1" nPathComplexity="0" sequenceCoverage="100" branchCoverage="100" isConstructor="True" isGetter="False" isSetter="False" isStatic="True">
              <Summary numSequencePoints="7" visitedSequencePoints="7" numBranchPoints="0" visitedBranchPoints="0" sequenceCoverage="100" branchCoverage="100" maxCyclomaticComplexity="1" minCyclomaticComplexity="1" visitedClasses="0" numClasses="0" visitedMethods="1" numMethods="1" />
              <MetadataToken />
              <Name>System.Void LeagueManager.Api.CompetitionApi.Controllers.CompetitionController::.ctor(MediatR.IMediator,AutoMapper.IMapper)</Name>
              <FileRef uid="5" />
              <SequencePoints>
                <SequencePoint vc="11" uspid="27" ordinal="0" sl="27" sc="1" el="27" ec="2" bec="0" bev="0" fileid="5" />
                <SequencePoint vc="11" uspid="28" ordinal="1" sl="28" sc="1" el="28" ec="2" bec="0" bev="0" fileid="5" />
                <SequencePoint vc="11" uspid="29" ordinal="2" sl="29" sc="1" el="29" ec="2" bec="0" bev="0" fileid="5" />
                <SequencePoint vc="11" uspid="30" ordinal="3" sl="30" sc="1" el="30" ec="2" bec="0" bev="0" fileid="5" />
                <SequencePoint vc="11" uspid="31" ordinal="4" sl="31" sc="1" el="31" ec="2" bec="0" bev="0" fileid="5" />
                <SequencePoint vc="11" uspid="32" ordinal="5" sl="32" sc="1" el="32" ec="2" bec="0" bev="0" fileid="5" />
                <SequencePoint vc="11" uspid="33" ordinal="6" sl="33" sc="1" el="33" ec="2" bec="0" bev="0" fileid="5" />
              </SequencePoints>
              <BranchPoints />
              <MethodPoint vc="7" uspid="0" p8:type="SequencePoint" ordinal="0" offset="0" sc="0" sl="27" ec="1" el="33" bec="0" bev="0" fileid="5" xmlns:p8="xsi" />
            </Method>
          </Methods>
        </Class>
        <Class>
          <Summary numSequencePoints="8" visitedSequencePoints="8" numBranchPoints="2" visitedBranchPoints="2" sequenceCoverage="100" branchCoverage="100" maxCyclomaticComplexity="2" minCyclomaticComplexity="2" visitedClasses="1" numClasses="1" visitedMethods="1" numMethods="1" />
          <FullName>LeagueManager.Api.CompetitionApi.Controllers.CompetitionController/&lt;GetCompetitions&gt;d__3</FullName>
          <Methods>
            <Method cyclomaticComplexity="2" nPathComplexity="0" sequenceCoverage="100" branchCoverage="100" isConstructor="False" isGetter="False" isSetter="False" isStatic="True">
              <Summary numSequencePoints="8" visitedSequencePoints="8" numBranchPoints="2" visitedBranchPoints="2" sequenceCoverage="100" branchCoverage="100" maxCyclomaticComplexity="2" minCyclomaticComplexity="2" visitedClasses="0" numClasses="0" visitedMethods="1" numMethods="1" />
              <MetadataToken />
              <Name>System.Void LeagueManager.Api.CompetitionApi.Controllers.CompetitionController/&lt;GetCompetitions&gt;d__3::MoveNext()</Name>
              <FileRef uid="5" />
              <SequencePoints>
                <SequencePoint vc="2" uspid="38" ordinal="0" sl="38" sc="1" el="38" ec="2" bec="0" bev="0" fileid="5" />
                <SequencePoint vc="2" uspid="40" ordinal="1" sl="40" sc="1" el="40" ec="2" bec="0" bev="0" fileid="5" />
                <SequencePoint vc="2" uspid="41" ordinal="2" sl="41" sc="1" el="41" ec="2" bec="0" bev="0" fileid="5" />
                <SequencePoint vc="1" uspid="42" ordinal="3" sl="42" sc="1" el="42" ec="2" bec="0" bev="0" fileid="5" />
                <SequencePoint vc="1" uspid="44" ordinal="4" sl="44" sc="1" el="44" ec="2" bec="0" bev="0" fileid="5" />
                <SequencePoint vc="1" uspid="45" ordinal="5" sl="45" sc="1" el="45" ec="2" bec="0" bev="0" fileid="5" />
                <SequencePoint vc="1" uspid="46" ordinal="6" sl="46" sc="1" el="46" ec="2" bec="0" bev="0" fileid="5" />
                <SequencePoint vc="2" uspid="48" ordinal="7" sl="48" sc="1" el="48" ec="2" bec="0" bev="0" fileid="5" />
              </SequencePoints>
              <BranchPoints>
                <BranchPoint vc="2" uspid="38" ordinal="0" path="0" offset="17" offsetend="23" sl="38" fileid="5" />
                <BranchPoint vc="1" uspid="41" ordinal="3" path="1" offset="80" offsetend="150" sl="41" fileid="5" />
              </BranchPoints>
              <MethodPoint vc="8" uspid="0" p8:type="SequencePoint" ordinal="0" offset="0" sc="0" sl="38" ec="1" el="48" bec="0" bev="0" fileid="5" xmlns:p8="xsi" />
            </Method>
          </Methods>
        </Class>
        <Class>
          <Summary numSequencePoints="14" visitedSequencePoints="14" numBranchPoints="2" visitedBranchPoints="2" sequenceCoverage="100" branchCoverage="100" maxCyclomaticComplexity="2" minCyclomaticComplexity="2" visitedClasses="1" numClasses="1" visitedMethods="1" numMethods="1" />
          <FullName>LeagueManager.Api.CompetitionApi.Controllers.CompetitionController/&lt;CreateTeamLeague&gt;d__4</FullName>
          <Methods>
            <Method cyclomaticComplexity="2" nPathComplexity="0" sequenceCoverage="100" branchCoverage="100" isConstructor="False" isGetter="False" isSetter="False" isStatic="True">
              <Summary numSequencePoints="14" visitedSequencePoints="14" numBranchPoints="2" visitedBranchPoints="2" sequenceCoverage="100" branchCoverage="100" maxCyclomaticComplexity="2" minCyclomaticComplexity="2" visitedClasses="0" numClasses="0" visitedMethods="1" numMethods="1" />
              <MetadataToken />
              <Name>System.Void LeagueManager.Api.CompetitionApi.Controllers.CompetitionController/&lt;CreateTeamLeague&gt;d__4::MoveNext()</Name>
              <FileRef uid="5" />
              <SequencePoints>
                <SequencePoint vc="4" uspid="55" ordinal="0" sl="55" sc="1" el="55" ec="2" bec="0" bev="0" fileid="5" />
                <SequencePoint vc="4" uspid="57" ordinal="1" sl="57" sc="1" el="57" ec="2" bec="0" bev="0" fileid="5" />
                <SequencePoint vc="4" uspid="58" ordinal="2" sl="58" sc="1" el="58" ec="2" bec="0" bev="0" fileid="5" />
                <SequencePoint vc="1" uspid="59" ordinal="3" sl="59" sc="1" el="59" ec="2" bec="0" bev="0" fileid="5" />
                <SequencePoint vc="1" uspid="61" ordinal="4" sl="61" sc="1" el="61" ec="2" bec="0" bev="0" fileid="5" />
                <SequencePoint vc="1" uspid="62" ordinal="5" sl="62" sc="1" el="62" ec="2" bec="0" bev="0" fileid="5" />
                <SequencePoint vc="1" uspid="63" ordinal="6" sl="63" sc="1" el="63" ec="2" bec="0" bev="0" fileid="5" />
                <SequencePoint vc="1" uspid="65" ordinal="7" sl="65" sc="1" el="65" ec="2" bec="0" bev="0" fileid="5" />
                <SequencePoint vc="1" uspid="66" ordinal="8" sl="66" sc="1" el="66" ec="2" bec="0" bev="0" fileid="5" />
                <SequencePoint vc="1" uspid="67" ordinal="9" sl="67" sc="1" el="67" ec="2" bec="0" bev="0" fileid="5" />
                <SequencePoint vc="1" uspid="69" ordinal="10" sl="69" sc="1" el="69" ec="2" bec="0" bev="0" fileid="5" />
                <SequencePoint vc="1" uspid="70" ordinal="11" sl="70" sc="1" el="70" ec="2" bec="0" bev="0" fileid="5" />
                <SequencePoint vc="1" uspid="71" ordinal="12" sl="71" sc="1" el="71" ec="2" bec="0" bev="0" fileid="5" />
                <SequencePoint vc="4" uspid="73" ordinal="13" sl="73" sc="1" el="73" ec="2" bec="0" bev="0" fileid="5" />
              </SequencePoints>
              <BranchPoints>
                <BranchPoint vc="4" uspid="55" ordinal="0" path="0" offset="17" offsetend="23" sl="55" fileid="5" />
                <BranchPoint vc="1" uspid="58" ordinal="3" path="1" offset="68" offsetend="138" sl="58" fileid="5" />
              </BranchPoints>
              <MethodPoint vc="14" uspid="0" p8:type="SequencePoint" ordinal="0" offset="0" sc="0" sl="55" ec="1" el="73" bec="0" bev="0" fileid="5" xmlns:p8="xsi" />
            </Method>
          </Methods>
        </Class>
        <Class>
          <Summary numSequencePoints="8" visitedSequencePoints="8" numBranchPoints="2" visitedBranchPoints="2" sequenceCoverage="100" branchCoverage="100" maxCyclomaticComplexity="2" minCyclomaticComplexity="2" visitedClasses="1" numClasses="1" visitedMethods="1" numMethods="1" />
          <FullName>LeagueManager.Api.CompetitionApi.Controllers.CompetitionController/&lt;GetCompetition&gt;d__5</FullName>
          <Methods>
            <Method cyclomaticComplexity="2" nPathComplexity="0" sequenceCoverage="100" branchCoverage="100" isConstructor="False" isGetter="False" isSetter="False" isStatic="True">
              <Summary numSequencePoints="8" visitedSequencePoints="8" numBranchPoints="2" visitedBranchPoints="2" sequenceCoverage="100" branchCoverage="100" maxCyclomaticComplexity="2" minCyclomaticComplexity="2" visitedClasses="0" numClasses="0" visitedMethods="1" numMethods="1" />
              <MetadataToken />
              <Name>System.Void LeagueManager.Api.CompetitionApi.Controllers.CompetitionController/&lt;GetCompetition&gt;d__5::MoveNext()</Name>
              <FileRef uid="5" />
              <SequencePoints>
                <SequencePoint vc="2" uspid="78" ordinal="0" sl="78" sc="1" el="78" ec="2" bec="0" bev="0" fileid="5" />
                <SequencePoint vc="2" uspid="80" ordinal="1" sl="80" sc="1" el="80" ec="2" bec="0" bev="0" fileid="5" />
                <SequencePoint vc="2" uspid="81" ordinal="2" sl="81" sc="1" el="81" ec="2" bec="0" bev="0" fileid="5" />
                <SequencePoint vc="1" uspid="82" ordinal="3" sl="82" sc="1" el="82" ec="2" bec="0" bev="0" fileid="5" />
                <SequencePoint vc="1" uspid="84" ordinal="4" sl="84" sc="1" el="84" ec="2" bec="0" bev="0" fileid="5" />
                <SequencePoint vc="1" uspid="85" ordinal="5" sl="85" sc="1" el="85" ec="2" bec="0" bev="0" fileid="5" />
                <SequencePoint vc="1" uspid="86" ordinal="6" sl="86" sc="1" el="86" ec="2" bec="0" bev="0" fileid="5" />
                <SequencePoint vc="2" uspid="88" ordinal="7" sl="88" sc="1" el="88" ec="2" bec="0" bev="0" fileid="5" />
              </SequencePoints>
              <BranchPoints>
                <BranchPoint vc="2" uspid="78" ordinal="0" path="0" offset="17" offsetend="23" sl="78" fileid="5" />
                <BranchPoint vc="1" uspid="81" ordinal="3" path="1" offset="80" offsetend="150" sl="81" fileid="5" />
              </BranchPoints>
              <MethodPoint vc="8" uspid="0" p8:type="SequencePoint" ordinal="0" offset="0" sc="0" sl="78" ec="1" el="88" bec="0" bev="0" fileid="5" xmlns:p8="xsi" />
            </Method>
          </Methods>
        </Class>
        <Class>
          <Summary numSequencePoints="8" visitedSequencePoints="0" numBranchPoints="4" visitedBranchPoints="0" sequenceCoverage="0" branchCoverage="0" maxCyclomaticComplexity="4" minCyclomaticComplexity="4" visitedClasses="0" numClasses="1" visitedMethods="0" numMethods="1" />
          <FullName>LeagueManager.Api.CompetitionApi.Controllers.CompetitionController/&lt;GetTeamLeagueTable&gt;d__6</FullName>
          <Methods>
            <Method cyclomaticComplexity="4" nPathComplexity="0" sequenceCoverage="0" branchCoverage="0" isConstructor="False" isGetter="False" isSetter="False" isStatic="True">
              <Summary numSequencePoints="8" visitedSequencePoints="0" numBranchPoints="4" visitedBranchPoints="0" sequenceCoverage="0" branchCoverage="0" maxCyclomaticComplexity="4" minCyclomaticComplexity="4" visitedClasses="0" numClasses="0" visitedMethods="0" numMethods="1" />
              <MetadataToken />
              <Name>System.Void LeagueManager.Api.CompetitionApi.Controllers.CompetitionController/&lt;GetTeamLeagueTable&gt;d__6::MoveNext()</Name>
              <FileRef uid="5" />
              <SequencePoints>
                <SequencePoint vc="0" uspid="93" ordinal="0" sl="93" sc="1" el="93" ec="2" bec="0" bev="0" fileid="5" />
                <SequencePoint vc="0" uspid="95" ordinal="1" sl="95" sc="1" el="95" ec="2" bec="0" bev="0" fileid="5" />
                <SequencePoint vc="0" uspid="96" ordinal="2" sl="96" sc="1" el="96" ec="2" bec="0" bev="0" fileid="5" />
                <SequencePoint vc="0" uspid="97" ordinal="3" sl="97" sc="1" el="97" ec="2" bec="0" bev="0" fileid="5" />
                <SequencePoint vc="0" uspid="99" ordinal="4" sl="99" sc="1" el="99" ec="2" bec="0" bev="0" fileid="5" />
                <SequencePoint vc="0" uspid="100" ordinal="5" sl="100" sc="1" el="100" ec="2" bec="0" bev="0" fileid="5" />
                <SequencePoint vc="0" uspid="101" ordinal="6" sl="101" sc="1" el="101" ec="2" bec="0" bev="0" fileid="5" />
                <SequencePoint vc="0" uspid="103" ordinal="7" sl="103" sc="1" el="103" ec="2" bec="0" bev="0" fileid="5" />
              </SequencePoints>
              <BranchPoints>
                <BranchPoint vc="0" uspid="93" ordinal="0" path="0" offset="17" offsetend="23" sl="93" fileid="5" />
                <BranchPoint vc="0" uspid="96" ordinal="2" path="0" offset="80" offsetend="82" sl="96" fileid="5" />
                <BranchPoint vc="0" uspid="93" ordinal="1" path="1" offset="17" offsetend="122" sl="93" fileid="5" />
                <BranchPoint vc="0" uspid="96" ordinal="3" path="1" offset="80" offsetend="150" sl="96" fileid="5" />
              </BranchPoints>
              <MethodPoint vc="0" uspid="0" p8:type="SequencePoint" ordinal="0" offset="0" sc="0" sl="93" ec="1" el="103" bec="0" bev="0" fileid="5" xmlns:p8="xsi" />
            </Method>
          </Methods>
        </Class>
        <Class>
          <Summary numSequencePoints="8" visitedSequencePoints="0" numBranchPoints="4" visitedBranchPoints="0" sequenceCoverage="0" branchCoverage="0" maxCyclomaticComplexity="4" minCyclomaticComplexity="4" visitedClasses="0" numClasses="1" visitedMethods="0" numMethods="1" />
          <FullName>LeagueManager.Api.CompetitionApi.Controllers.CompetitionController/&lt;GetTeamLeagueRounds&gt;d__7</FullName>
          <Methods>
            <Method cyclomaticComplexity="4" nPathComplexity="0" sequenceCoverage="0" branchCoverage="0" isConstructor="False" isGetter="False" isSetter="False" isStatic="True">
              <Summary numSequencePoints="8" visitedSequencePoints="0" numBranchPoints="4" visitedBranchPoints="0" sequenceCoverage="0" branchCoverage="0" maxCyclomaticComplexity="4" minCyclomaticComplexity="4" visitedClasses="0" numClasses="0" visitedMethods="0" numMethods="1" />
              <MetadataToken />
              <Name>System.Void LeagueManager.Api.CompetitionApi.Controllers.CompetitionController/&lt;GetTeamLeagueRounds&gt;d__7::MoveNext()</Name>
              <FileRef uid="5" />
              <SequencePoints>
                <SequencePoint vc="0" uspid="108" ordinal="0" sl="108" sc="1" el="108" ec="2" bec="0" bev="0" fileid="5" />
                <SequencePoint vc="0" uspid="110" ordinal="1" sl="110" sc="1" el="110" ec="2" bec="0" bev="0" fileid="5" />
                <SequencePoint vc="0" uspid="111" ordinal="2" sl="111" sc="1" el="111" ec="2" bec="0" bev="0" fileid="5" />
                <SequencePoint vc="0" uspid="112" ordinal="3" sl="112" sc="1" el="112" ec="2" bec="0" bev="0" fileid="5" />
                <SequencePoint vc="0" uspid="114" ordinal="4" sl="114" sc="1" el="114" ec="2" bec="0" bev="0" fileid="5" />
                <SequencePoint vc="0" uspid="115" ordinal="5" sl="115" sc="1" el="115" ec="2" bec="0" bev="0" fileid="5" />
                <SequencePoint vc="0" uspid="116" ordinal="6" sl="116" sc="1" el="116" ec="2" bec="0" bev="0" fileid="5" />
                <SequencePoint vc="0" uspid="118" ordinal="7" sl="118" sc="1" el="118" ec="2" bec="0" bev="0" fileid="5" />
              </SequencePoints>
              <BranchPoints>
                <BranchPoint vc="0" uspid="108" ordinal="0" path="0" offset="17" offsetend="23" sl="108" fileid="5" />
                <BranchPoint vc="0" uspid="111" ordinal="2" path="0" offset="80" offsetend="82" sl="111" fileid="5" />
                <BranchPoint vc="0" uspid="108" ordinal="1" path="1" offset="17" offsetend="122" sl="108" fileid="5" />
                <BranchPoint vc="0" uspid="111" ordinal="3" path="1" offset="80" offsetend="150" sl="111" fileid="5" />
              </BranchPoints>
              <MethodPoint vc="0" uspid="0" p8:type="SequencePoint" ordinal="0" offset="0" sc="0" sl="108" ec="1" el="118" bec="0" bev="0" fileid="5" xmlns:p8="xsi" />
            </Method>
          </Methods>
        </Class>
        <Class>
          <Summary numSequencePoints="11" visitedSequencePoints="0" numBranchPoints="4" visitedBranchPoints="0" sequenceCoverage="0" branchCoverage="0" maxCyclomaticComplexity="4" minCyclomaticComplexity="4" visitedClasses="0" numClasses="1" visitedMethods="0" numMethods="1" />
          <FullName>LeagueManager.Api.CompetitionApi.Controllers.CompetitionController/&lt;GetTeamLeagueMatch&gt;d__8</FullName>
          <Methods>
            <Method cyclomaticComplexity="4" nPathComplexity="0" sequenceCoverage="0" branchCoverage="0" isConstructor="False" isGetter="False" isSetter="False" isStatic="True">
              <Summary numSequencePoints="11" visitedSequencePoints="0" numBranchPoints="4" visitedBranchPoints="0" sequenceCoverage="0" branchCoverage="0" maxCyclomaticComplexity="4" minCyclomaticComplexity="4" visitedClasses="0" numClasses="0" visitedMethods="0" numMethods="1" />
              <MetadataToken />
              <Name>System.Void LeagueManager.Api.CompetitionApi.Controllers.CompetitionController/&lt;GetTeamLeagueMatch&gt;d__8::MoveNext()</Name>
              <FileRef uid="5" />
              <SequencePoints>
                <SequencePoint vc="0" uspid="123" ordinal="0" sl="123" sc="1" el="123" ec="2" bec="0" bev="0" fileid="5" />
                <SequencePoint vc="0" uspid="125" ordinal="1" sl="125" sc="1" el="125" ec="2" bec="0" bev="0" fileid="5" />
                <SequencePoint vc="0" uspid="126" ordinal="2" sl="126" sc="1" el="126" ec="2" bec="0" bev="0" fileid="5" />
                <SequencePoint vc="0" uspid="127" ordinal="3" sl="127" sc="1" el="127" ec="2" bec="0" bev="0" fileid="5" />
                <SequencePoint vc="0" uspid="128" ordinal="4" sl="128" sc="1" el="128" ec="2" bec="0" bev="0" fileid="5" />
                <SequencePoint vc="0" uspid="129" ordinal="5" sl="129" sc="1" el="129" ec="2" bec="0" bev="0" fileid="5" />
                <SequencePoint vc="0" uspid="130" ordinal="6" sl="130" sc="1" el="130" ec="2" bec="0" bev="0" fileid="5" />
                <SequencePoint vc="0" uspid="132" ordinal="7" sl="132" sc="1" el="132" ec="2" bec="0" bev="0" fileid="5" />
                <SequencePoint vc="0" uspid="133" ordinal="8" sl="133" sc="1" el="133" ec="2" bec="0" bev="0" fileid="5" />
                <SequencePoint vc="0" uspid="134" ordinal="9" sl="134" sc="1" el="134" ec="2" bec="0" bev="0" fileid="5" />
                <SequencePoint vc="0" uspid="136" ordinal="10" sl="136" sc="1" el="136" ec="2" bec="0" bev="0" fileid="5" />
              </SequencePoints>
              <BranchPoints>
                <BranchPoint vc="0" uspid="123" ordinal="0" path="0" offset="17" offsetend="23" sl="123" fileid="5" />
                <BranchPoint vc="0" uspid="126" ordinal="2" path="0" offset="98" offsetend="100" sl="126" fileid="5" />
                <BranchPoint vc="0" uspid="123" ordinal="1" path="1" offset="17" offsetend="140" sl="123" fileid="5" />
                <BranchPoint vc="0" uspid="126" ordinal="3" path="1" offset="98" offsetend="168" sl="126" fileid="5" />
              </BranchPoints>
              <MethodPoint vc="0" uspid="0" p8:type="SequencePoint" ordinal="0" offset="0" sc="0" sl="123" ec="1" el="136" bec="0" bev="0" fileid="5" xmlns:p8="xsi" />
            </Method>
          </Methods>
        </Class>
        <Class>
          <Summary numSequencePoints="4" visitedSequencePoints="4" numBranchPoints="0" visitedBranchPoints="0" sequenceCoverage="100" branchCoverage="100" maxCyclomaticComplexity="1" minCyclomaticComplexity="1" visitedClasses="1" numClasses="1" visitedMethods="1" numMethods="1" />
          <FullName>LeagueManager.Api.CompetitionApi.Controllers.CompetitionController/&lt;&gt;c__DisplayClass9_0</FullName>
          <Methods>
            <Method cyclomaticComplexity="1" nPathComplexity="0" sequenceCoverage="100" branchCoverage="100" isConstructor="False" isGetter="False" isSetter="False" isStatic="True">
              <Summary numSequencePoints="4" visitedSequencePoints="4" numBranchPoints="0" visitedBranchPoints="0" sequenceCoverage="100" branchCoverage="100" maxCyclomaticComplexity="1" minCyclomaticComplexity="1" visitedClasses="0" numClasses="0" visitedMethods="1" numMethods="1" />
              <MetadataToken />
              <Name>System.Void LeagueManager.Api.CompetitionApi.Controllers.CompetitionController/&lt;&gt;c__DisplayClass9_0::&lt;UpdateTeamLeagueMatch&gt;b__0(AutoMapper.IMappingOperationOptions)</Name>
              <FileRef uid="5" />
              <SequencePoints>
                <SequencePoint vc="6" uspid="146" ordinal="0" sl="146" sc="1" el="146" ec="2" bec="0" bev="0" fileid="5" />
                <SequencePoint vc="6" uspid="147" ordinal="1" sl="147" sc="1" el="147" ec="2" bec="0" bev="0" fileid="5" />
                <SequencePoint vc="6" uspid="148" ordinal="2" sl="148" sc="1" el="148" ec="2" bec="0" bev="0" fileid="5" />
                <SequencePoint vc="6" uspid="149" ordinal="3" sl="149" sc="1" el="149" ec="2" bec="0" bev="0" fileid="5" />
              </SequencePoints>
              <BranchPoints />
              <MethodPoint vc="4" uspid="0" p8:type="SequencePoint" ordinal="0" offset="0" sc="0" sl="146" ec="1" el="149" bec="0" bev="0" fileid="5" xmlns:p8="xsi" />
            </Method>
          </Methods>
        </Class>
        <Class>
          <Summary numSequencePoints="15" visitedSequencePoints="12" numBranchPoints="2" visitedBranchPoints="2" sequenceCoverage="80" branchCoverage="100" maxCyclomaticComplexity="2" minCyclomaticComplexity="2" visitedClasses="1" numClasses="1" visitedMethods="1" numMethods="1" />
          <FullName>LeagueManager.Api.CompetitionApi.Controllers.CompetitionController/&lt;UpdateTeamLeagueMatch&gt;d__9</FullName>
          <Methods>
            <Method cyclomaticComplexity="2" nPathComplexity="0" sequenceCoverage="80" branchCoverage="100" isConstructor="False" isGetter="False" isSetter="False" isStatic="True">
              <Summary numSequencePoints="15" visitedSequencePoints="12" numBranchPoints="2" visitedBranchPoints="2" sequenceCoverage="80" branchCoverage="100" maxCyclomaticComplexity="2" minCyclomaticComplexity="2" visitedClasses="0" numClasses="0" visitedMethods="1" numMethods="1" />
              <MetadataToken />
              <Name>System.Void LeagueManager.Api.CompetitionApi.Controllers.CompetitionController/&lt;UpdateTeamLeagueMatch&gt;d__9::MoveNext()</Name>
              <FileRef uid="5" />
              <SequencePoints>
                <SequencePoint vc="3" uspid="142" ordinal="0" sl="142" sc="1" el="142" ec="2" bec="0" bev="0" fileid="5" />
                <SequencePoint vc="3" uspid="144" ordinal="1" sl="144" sc="1" el="144" ec="2" bec="0" bev="0" fileid="5" />
                <SequencePoint vc="3" uspid="145" ordinal="2" sl="145" sc="1" el="145" ec="2" bec="0" bev="0" fileid="5" />
                <SequencePoint vc="3" uspid="151" ordinal="3" sl="151" sc="1" el="151" ec="2" bec="0" bev="0" fileid="5" />
                <SequencePoint vc="1" uspid="152" ordinal="4" sl="152" sc="1" el="152" ec="2" bec="0" bev="0" fileid="5" />
                <SequencePoint vc="1" uspid="154" ordinal="5" sl="154" sc="1" el="154" ec="2" bec="0" bev="0" fileid="5" />
                <SequencePoint vc="1" uspid="155" ordinal="6" sl="155" sc="1" el="155" ec="2" bec="0" bev="0" fileid="5" />
                <SequencePoint vc="1" uspid="156" ordinal="7" sl="156" sc="1" el="156" ec="2" bec="0" bev="0" fileid="5" />
                <SequencePoint vc="1" uspid="158" ordinal="8" sl="158" sc="1" el="158" ec="2" bec="0" bev="0" fileid="5" />
                <SequencePoint vc="1" uspid="159" ordinal="9" sl="159" sc="1" el="159" ec="2" bec="0" bev="0" fileid="5" />
                <SequencePoint vc="1" uspid="160" ordinal="10" sl="160" sc="1" el="160" ec="2" bec="0" bev="0" fileid="5" />
                <SequencePoint vc="0" uspid="162" ordinal="11" sl="162" sc="1" el="162" ec="2" bec="0" bev="0" fileid="5" />
                <SequencePoint vc="0" uspid="163" ordinal="12" sl="163" sc="1" el="163" ec="2" bec="0" bev="0" fileid="5" />
                <SequencePoint vc="0" uspid="164" ordinal="13" sl="164" sc="1" el="164" ec="2" bec="0" bev="0" fileid="5" />
                <SequencePoint vc="3" uspid="166" ordinal="14" sl="166" sc="1" el="166" ec="2" bec="0" bev="0" fileid="5" />
              </SequencePoints>
              <BranchPoints>
                <BranchPoint vc="3" uspid="142" ordinal="0" path="0" offset="62" offsetend="71" sl="142" fileid="5" />
                <BranchPoint vc="1" uspid="151" ordinal="3" path="1" offset="161" offsetend="231" sl="151" fileid="5" />
              </BranchPoints>
              <MethodPoint vc="12" uspid="0" p8:type="SequencePoint" ordinal="0" offset="0" sc="0" sl="142" ec="1" el="166" bec="0" bev="0" fileid="5" xmlns:p8="xsi" />
            </Method>
          </Methods>
        </Class>
        <Class>
          <Summary numSequencePoints="4" visitedSequencePoints="0" numBranchPoints="0" visitedBranchPoints="0" sequenceCoverage="0" branchCoverage="100" maxCyclomaticComplexity="1" minCyclomaticComplexity="1" visitedClasses="0" numClasses="1" visitedMethods="0" numMethods="1" />
          <FullName>LeagueManager.Api.CompetitionApi.Controllers.CompetitionController/&lt;&gt;c__DisplayClass10_0</FullName>
          <Methods>
            <Method cyclomaticComplexity="1" nPathComplexity="0" sequenceCoverage="0" branchCoverage="100" isConstructor="False" isGetter="False" isSetter="False" isStatic="True">
              <Summary numSequencePoints="4" visitedSequencePoints="0" numBranchPoints="0" visitedBranchPoints="0" sequenceCoverage="0" branchCoverage="100" maxCyclomaticComplexity="1" minCyclomaticComplexity="1" visitedClasses="0" numClasses="0" visitedMethods="0" numMethods="1" />
              <MetadataToken />
              <Name>System.Void LeagueManager.Api.CompetitionApi.Controllers.CompetitionController/&lt;&gt;c__DisplayClass10_0::&lt;UpdateTeamLeagueMatchScore&gt;b__0(AutoMapper.IMappingOperationOptions)</Name>
              <FileRef uid="5" />
              <SequencePoints>
                <SequencePoint vc="0" uspid="176" ordinal="0" sl="176" sc="1" el="176" ec="2" bec="0" bev="0" fileid="5" />
                <SequencePoint vc="0" uspid="177" ordinal="1" sl="177" sc="1" el="177" ec="2" bec="0" bev="0" fileid="5" />
                <SequencePoint vc="0" uspid="178" ordinal="2" sl="178" sc="1" el="178" ec="2" bec="0" bev="0" fileid="5" />
                <SequencePoint vc="0" uspid="179" ordinal="3" sl="179" sc="1" el="179" ec="2" bec="0" bev="0" fileid="5" />
              </SequencePoints>
              <BranchPoints />
              <MethodPoint vc="0" uspid="0" p8:type="SequencePoint" ordinal="0" offset="0" sc="0" sl="176" ec="1" el="179" bec="0" bev="0" fileid="5" xmlns:p8="xsi" />
            </Method>
          </Methods>
        </Class>
        <Class>
          <Summary numSequencePoints="15" visitedSequencePoints="0" numBranchPoints="4" visitedBranchPoints="0" sequenceCoverage="0" branchCoverage="0" maxCyclomaticComplexity="4" minCyclomaticComplexity="4" visitedClasses="0" numClasses="1" visitedMethods="0" numMethods="1" />
          <FullName>LeagueManager.Api.CompetitionApi.Controllers.CompetitionController/&lt;UpdateTeamLeagueMatchScore&gt;d__10</FullName>
          <Methods>
            <Method cyclomaticComplexity="4" nPathComplexity="0" sequenceCoverage="0" branchCoverage="0" isConstructor="False" isGetter="False" isSetter="False" isStatic="True">
              <Summary numSequencePoints="15" visitedSequencePoints="0" numBranchPoints="4" visitedBranchPoints="0" sequenceCoverage="0" branchCoverage="0" maxCyclomaticComplexity="4" minCyclomaticComplexity="4" visitedClasses="0" numClasses="0" visitedMethods="0" numMethods="1" />
              <MetadataToken />
              <Name>System.Void LeagueManager.Api.CompetitionApi.Controllers.CompetitionController/&lt;UpdateTeamLeagueMatchScore&gt;d__10::MoveNext()</Name>
              <FileRef uid="5" />
              <SequencePoints>
                <SequencePoint vc="0" uspid="172" ordinal="0" sl="172" sc="1" el="172" ec="2" bec="0" bev="0" fileid="5" />
                <SequencePoint vc="0" uspid="174" ordinal="1" sl="174" sc="1" el="174" ec="2" bec="0" bev="0" fileid="5" />
                <SequencePoint vc="0" uspid="175" ordinal="2" sl="175" sc="1" el="175" ec="2" bec="0" bev="0" fileid="5" />
                <SequencePoint vc="0" uspid="181" ordinal="3" sl="181" sc="1" el="181" ec="2" bec="0" bev="0" fileid="5" />
                <SequencePoint vc="0" uspid="182" ordinal="4" sl="182" sc="1" el="182" ec="2" bec="0" bev="0" fileid="5" />
                <SequencePoint vc="0" uspid="184" ordinal="5" sl="184" sc="1" el="184" ec="2" bec="0" bev="0" fileid="5" />
                <SequencePoint vc="0" uspid="185" ordinal="6" sl="185" sc="1" el="185" ec="2" bec="0" bev="0" fileid="5" />
                <SequencePoint vc="0" uspid="186" ordinal="7" sl="186" sc="1" el="186" ec="2" bec="0" bev="0" fileid="5" />
                <SequencePoint vc="0" uspid="188" ordinal="8" sl="188" sc="1" el="188" ec="2" bec="0" bev="0" fileid="5" />
                <SequencePoint vc="0" uspid="189" ordinal="9" sl="189" sc="1" el="189" ec="2" bec="0" bev="0" fileid="5" />
                <SequencePoint vc="0" uspid="190" ordinal="10" sl="190" sc="1" el="190" ec="2" bec="0" bev="0" fileid="5" />
                <SequencePoint vc="0" uspid="192" ordinal="11" sl="192" sc="1" el="192" ec="2" bec="0" bev="0" fileid="5" />
                <SequencePoint vc="0" uspid="193" ordinal="12" sl="193" sc="1" el="193" ec="2" bec="0" bev="0" fileid="5" />
                <SequencePoint vc="0" uspid="194" ordinal="13" sl="194" sc="1" el="194" ec="2" bec="0" bev="0" fileid="5" />
                <SequencePoint vc="0" uspid="196" ordinal="14" sl="196" sc="1" el="196" ec="2" bec="0" bev="0" fileid="5" />
              </SequencePoints>
              <BranchPoints>
                <BranchPoint vc="0" uspid="172" ordinal="0" path="0" offset="62" offsetend="71" sl="172" fileid="5" />
                <BranchPoint vc="0" uspid="181" ordinal="2" path="0" offset="161" offsetend="163" sl="181" fileid="5" />
                <BranchPoint vc="0" uspid="172" ordinal="1" path="1" offset="62" offsetend="203" sl="172" fileid="5" />
                <BranchPoint vc="0" uspid="181" ordinal="3" path="1" offset="161" offsetend="231" sl="181" fileid="5" />
              </BranchPoints>
              <MethodPoint vc="0" uspid="0" p8:type="SequencePoint" ordinal="0" offset="0" sc="0" sl="172" ec="1" el="196" bec="0" bev="0" fileid="5" xmlns:p8="xsi" />
            </Method>
          </Methods>
        </Class>
        <Class>
          <Summary numSequencePoints="13" visitedSequencePoints="13" numBranchPoints="8" visitedBranchPoints="8" sequenceCoverage="100" branchCoverage="100" maxCyclomaticComplexity="8" minCyclomaticComplexity="8" visitedClasses="1" numClasses="1" visitedMethods="1" numMethods="1" />
          <FullName>LeagueManager.Api.CompetitionApi.AutoMapper.CompetitionApiProfile</FullName>
          <Methods>
            <Method cyclomaticComplexity="8" nPathComplexity="0" sequenceCoverage="100" branchCoverage="100" isConstructor="True" isGetter="False" isSetter="False" isStatic="True">
              <Summary numSequencePoints="13" visitedSequencePoints="13" numBranchPoints="8" visitedBranchPoints="8" sequenceCoverage="100" branchCoverage="100" maxCyclomaticComplexity="8" minCyclomaticComplexity="8" visitedClasses="0" numClasses="0" visitedMethods="1" numMethods="1" />
              <MetadataToken />
              <Name>System.Void LeagueManager.Api.CompetitionApi.AutoMapper.CompetitionApiProfile::.ctor()</Name>
              <FileRef uid="6" />
              <SequencePoints>
                <SequencePoint vc="9" uspid="10" ordinal="0" sl="10" sc="1" el="10" ec="2" bec="0" bev="0" fileid="6" />
                <SequencePoint vc="9" uspid="11" ordinal="1" sl="11" sc="1" el="11" ec="2" bec="0" bev="0" fileid="6" />
                <SequencePoint vc="9" uspid="12" ordinal="2" sl="12" sc="1" el="12" ec="2" bec="0" bev="0" fileid="6" />
                <SequencePoint vc="18" uspid="13" ordinal="3" sl="13" sc="1" el="13" ec="2" bec="0" bev="0" fileid="6" />
                <SequencePoint vc="21" uspid="14" ordinal="4" sl="14" sc="1" el="14" ec="2" bec="0" bev="0" fileid="6" />
                <SequencePoint vc="18" uspid="15" ordinal="5" sl="15" sc="1" el="15" ec="2" bec="0" bev="0" fileid="6" />
                <SequencePoint vc="21" uspid="16" ordinal="6" sl="16" sc="1" el="16" ec="2" bec="0" bev="0" fileid="6" />
                <SequencePoint vc="9" uspid="18" ordinal="7" sl="18" sc="1" el="18" ec="2" bec="0" bev="0" fileid="6" />
                <SequencePoint vc="18" uspid="19" ordinal="8" sl="19" sc="1" el="19" ec="2" bec="0" bev="0" fileid="6" />
                <SequencePoint vc="18" uspid="20" ordinal="9" sl="20" sc="1" el="20" ec="2" bec="0" bev="0" fileid="6" />
                <SequencePoint vc="18" uspid="21" ordinal="10" sl="21" sc="1" el="21" ec="2" bec="0" bev="0" fileid="6" />
                <SequencePoint vc="18" uspid="22" ordinal="11" sl="22" sc="1" el="22" ec="2" bec="0" bev="0" fileid="6" />
                <SequencePoint vc="9" uspid="24" ordinal="12" sl="24" sc="1" el="24" ec="2" bec="0" bev="0" fileid="6" />
              </SequencePoints>
              <BranchPoints>
                <BranchPoint vc="1" uspid="12" ordinal="0" path="0" offset="77" offsetend="79" sl="12" fileid="6" />
                <BranchPoint vc="9" uspid="12" ordinal="1" path="1" offset="77" offsetend="102" sl="12" fileid="6" />
                <BranchPoint vc="1" uspid="12" ordinal="2" path="0" offset="170" offsetend="172" sl="12" fileid="6" />
                <BranchPoint vc="9" uspid="12" ordinal="3" path="1" offset="170" offsetend="195" sl="12" fileid="6" />
                <BranchPoint vc="1" uspid="18" ordinal="4" path="0" offset="270" offsetend="272" sl="18" fileid="6" />
                <BranchPoint vc="9" uspid="18" ordinal="5" path="1" offset="270" offsetend="295" sl="18" fileid="6" />
                <BranchPoint vc="1" uspid="18" ordinal="6" path="0" offset="363" offsetend="365" sl="18" fileid="6" />
                <BranchPoint vc="9" uspid="18" ordinal="7" path="1" offset="363" offsetend="388" sl="18" fileid="6" />
              </BranchPoints>
              <MethodPoint vc="13" uspid="0" p8:type="SequencePoint" ordinal="0" offset="0" sc="0" sl="10" ec="1" el="24" bec="0" bev="0" fileid="6" xmlns:p8="xsi" />
            </Method>
          </Methods>
        </Class>
        <Class>
          <Summary numSequencePoints="0" visitedSequencePoints="0" numBranchPoints="8" visitedBranchPoints="8" sequenceCoverage="100" branchCoverage="100" maxCyclomaticComplexity="2" minCyclomaticComplexity="2" visitedClasses="0" numClasses="1" visitedMethods="0" numMethods="0" />
          <FullName>LeagueManager.Api.CompetitionApi.AutoMapper.CompetitionApiProfile/&lt;&gt;c</FullName>
          <Methods />
        </Class>
      </Classes>
    </Module>
    <Module hash="8A3AAD99-5A12-44E5-9EA8-BC4E8B38C77E">
      <ModulePath>LeagueManager.Api.Shared.dll</ModulePath>
      <ModuleTime>2019-11-19T07:12:02</ModuleTime>
      <ModuleName>LeagueManager.Api.Shared</ModuleName>
      <Files>
        <File uid="7" fullPath="C:\Users\ngrus\Google Drive\Repos\LeagueManager\src\Presentation\Api\LeagueManager.Api.Shared\ConfigurationController.cs" />
      </Files>
      <Classes>
        <Class>
          <Summary numSequencePoints="13" visitedSequencePoints="0" numBranchPoints="0" visitedBranchPoints="0" sequenceCoverage="0" branchCoverage="100" maxCyclomaticComplexity="1" minCyclomaticComplexity="1" visitedClasses="0" numClasses="1" visitedMethods="0" numMethods="2" />
          <FullName>LeagueManager.Api.Shared.ConfigurationController</FullName>
          <Methods>
            <Method cyclomaticComplexity="1" nPathComplexity="0" sequenceCoverage="0" branchCoverage="100" isConstructor="False" isGetter="False" isSetter="False" isStatic="True">
              <Summary numSequencePoints="9" visitedSequencePoints="0" numBranchPoints="0" visitedBranchPoints="0" sequenceCoverage="0" branchCoverage="100" maxCyclomaticComplexity="1" minCyclomaticComplexity="1" visitedClasses="0" numClasses="0" visitedMethods="0" numMethods="1" />
              <MetadataToken />
              <Name>Microsoft.AspNetCore.Mvc.IActionResult LeagueManager.Api.Shared.ConfigurationController::Configure(LeagueManager.Application.Config.DbConfig)</Name>
              <FileRef uid="7" />
              <SequencePoints>
                <SequencePoint vc="0" uspid="22" ordinal="0" sl="22" sc="1" el="22" ec="2" bec="0" bev="0" fileid="7" />
                <SequencePoint vc="0" uspid="24" ordinal="1" sl="24" sc="1" el="24" ec="2" bec="0" bev="0" fileid="7" />
                <SequencePoint vc="0" uspid="25" ordinal="2" sl="25" sc="1" el="25" ec="2" bec="0" bev="0" fileid="7" />
                <SequencePoint vc="0" uspid="26" ordinal="3" sl="26" sc="1" el="26" ec="2" bec="0" bev="0" fileid="7" />
                <SequencePoint vc="0" uspid="27" ordinal="4" sl="27" sc="1" el="27" ec="2" bec="0" bev="0" fileid="7" />
                <SequencePoint vc="0" uspid="28" ordinal="5" sl="28" sc="1" el="28" ec="2" bec="0" bev="0" fileid="7" />
                <SequencePoint vc="0" uspid="29" ordinal="6" sl="29" sc="1" el="29" ec="2" bec="0" bev="0" fileid="7" />
                <SequencePoint vc="0" uspid="32" ordinal="7" sl="32" sc="1" el="32" ec="2" bec="0" bev="0" fileid="7" />
                <SequencePoint vc="0" uspid="33" ordinal="8" sl="33" sc="1" el="33" ec="2" bec="0" bev="0" fileid="7" />
              </SequencePoints>
              <BranchPoints />
              <MethodPoint vc="0" uspid="0" p8:type="SequencePoint" ordinal="0" offset="0" sc="0" sl="22" ec="1" el="33" bec="0" bev="0" fileid="7" xmlns:p8="xsi" />
            </Method>
            <Method cyclomaticComplexity="1" nPathComplexity="0" sequenceCoverage="0" branchCoverage="100" isConstructor="True" isGetter="False" isSetter="False" isStatic="True">
              <Summary numSequencePoints="4" visitedSequencePoints="0" numBranchPoints="0" visitedBranchPoints="0" sequenceCoverage="0" branchCoverage="100" maxCyclomaticComplexity="1" minCyclomaticComplexity="1" visitedClasses="0" numClasses="0" visitedMethods="0" numMethods="1" />
              <MetadataToken />
              <Name>System.Void LeagueManager.Api.Shared.ConfigurationController::.ctor(LeagueManager.Application.Interfaces.IDbConfigurator)</Name>
              <FileRef uid="7" />
              <SequencePoints>
                <SequencePoint vc="0" uspid="15" ordinal="0" sl="15" sc="1" el="15" ec="2" bec="0" bev="0" fileid="7" />
                <SequencePoint vc="0" uspid="16" ordinal="1" sl="16" sc="1" el="16" ec="2" bec="0" bev="0" fileid="7" />
                <SequencePoint vc="0" uspid="17" ordinal="2" sl="17" sc="1" el="17" ec="2" bec="0" bev="0" fileid="7" />
                <SequencePoint vc="0" uspid="18" ordinal="3" sl="18" sc="1" el="18" ec="2" bec="0" bev="0" fileid="7" />
              </SequencePoints>
              <BranchPoints />
              <MethodPoint vc="0" uspid="0" p8:type="SequencePoint" ordinal="1" offset="1" sc="0" sl="15" ec="1" el="18" bec="0" bev="0" fileid="7" xmlns:p8="xsi" />
            </Method>
          </Methods>
        </Class>
      </Classes>
    </Module>
    <Module hash="AE629300-3DE0-47AC-9EED-CF49A3F33777">
      <ModulePath>LeagueManager.Application.dll</ModulePath>
      <ModuleTime>2019-11-19T07:12:02</ModuleTime>
      <ModuleName>LeagueManager.Application</ModuleName>
      <Files>
        <File uid="8" fullPath="C:\Users\ngrus\Google Drive\Repos\LeagueManager\src\Application\LeagueManager.Application\Teams\Queries\GetTeams\GetTeamsQueryHandler.cs" />
        <File uid="9" fullPath="C:\Users\ngrus\Google Drive\Repos\LeagueManager\src\Application\LeagueManager.Application\Teams\Queries\GetTeams\TeamDto.cs" />
        <File uid="10" fullPath="C:\Users\ngrus\Google Drive\Repos\LeagueManager\src\Application\LeagueManager.Application\Teams\Queries\GetTeamsByCountry\GetTeamsByCountryQuery.cs" />
        <File uid="11" fullPath="C:\Users\ngrus\Google Drive\Repos\LeagueManager\src\Application\LeagueManager.Application\Teams\Queries\GetTeamsByCountry\GetTeamsByCountryQueryHandler.cs" />
        <File uid="12" fullPath="C:\Users\ngrus\Google Drive\Repos\LeagueManager\src\Application\LeagueManager.Application\Teams\Queries\GetTeamsByCountry\TeamDto.cs" />
        <File uid="13" fullPath="C:\Users\ngrus\Google Drive\Repos\LeagueManager\src\Application\LeagueManager.Application\Teams\Commands\CreateTeam\CreateTeamCommand.cs" />
        <File uid="14" fullPath="C:\Users\ngrus\Google Drive\Repos\LeagueManager\src\Application\LeagueManager.Application\Teams\Commands\CreateTeam\CreateTeamCommandHandler.cs" />
        <File uid="15" fullPath="C:\Users\ngrus\Google Drive\Repos\LeagueManager\src\Application\LeagueManager.Application\Teams\Commands\CreateTeam\CreateTeamCommandValidator.cs" />
        <File uid="16" fullPath="C:\Users\ngrus\Google Drive\Repos\LeagueManager\src\Application\LeagueManager.Application\TeamLeagues\Queries\GetTeamLeagueTable\GetTeamLeagueTableQuery.cs" />
        <File uid="17" fullPath="C:\Users\ngrus\Google Drive\Repos\LeagueManager\src\Application\LeagueManager.Application\TeamLeagues\Queries\GetTeamLeagueTable\GetTeamLeagueTableQueryHandler.cs" />
        <File uid="18" fullPath="C:\Users\ngrus\Google Drive\Repos\LeagueManager\src\Application\LeagueManager.Application\TeamLeagues\Queries\GetTeamLeagueRounds\GetTeamLeagueRoundsQuery.cs" />
        <File uid="19" fullPath="C:\Users\ngrus\Google Drive\Repos\LeagueManager\src\Application\LeagueManager.Application\TeamLeagues\Queries\GetTeamLeagueRounds\GetTeamLeagueRoundsQueryHandler.cs" />
        <File uid="20" fullPath="C:\Users\ngrus\Google Drive\Repos\LeagueManager\src\Application\LeagueManager.Application\TeamLeagues\Queries\GetTeamLeagueMatch\GetTeamLeagueMatchQuery.cs" />
        <File uid="21" fullPath="C:\Users\ngrus\Google Drive\Repos\LeagueManager\src\Application\LeagueManager.Application\TeamLeagues\Queries\GetTeamLeagueMatch\GetTeamLeagueMatchQueryHandler.cs" />
        <File uid="22" fullPath="C:\Users\ngrus\Google Drive\Repos\LeagueManager\src\Application\LeagueManager.Application\TeamLeagues\Queries\Dto\IntegerScoreDto.cs" />
        <File uid="23" fullPath="C:\Users\ngrus\Google Drive\Repos\LeagueManager\src\Application\LeagueManager.Application\TeamLeagues\Queries\Dto\TeamDto.cs" />
        <File uid="24" fullPath="C:\Users\ngrus\Google Drive\Repos\LeagueManager\src\Application\LeagueManager.Application\TeamLeagues\Queries\Dto\TeamLeagueDto.cs" />
        <File uid="25" fullPath="C:\Users\ngrus\Google Drive\Repos\LeagueManager\src\Application\LeagueManager.Application\TeamLeagues\Queries\Dto\TeamLeagueRoundDto.cs" />
        <File uid="26" fullPath="C:\Users\ngrus\Google Drive\Repos\LeagueManager\src\Application\LeagueManager.Application\TeamLeagues\Queries\Dto\TeamLeagueTableDto.cs" />
        <File uid="27" fullPath="C:\Users\ngrus\Google Drive\Repos\LeagueManager\src\Application\LeagueManager.Application\TeamLeagues\Queries\Dto\TeamLeagueTableItemDto.cs" />
        <File uid="28" fullPath="C:\Users\ngrus\Google Drive\Repos\LeagueManager\src\Application\LeagueManager.Application\TeamLeagues\Queries\Dto\TeamMatchDto.cs" />
        <File uid="29" fullPath="C:\Users\ngrus\Google Drive\Repos\LeagueManager\src\Application\LeagueManager.Application\TeamLeagues\Queries\Dto\TeamMatchEntryDto.cs" />
        <File uid="30" fullPath="C:\Users\ngrus\Google Drive\Repos\LeagueManager\src\Application\LeagueManager.Application\TeamLeagues\Commands\CreateTeamLeagueCommand.cs" />
        <File uid="31" fullPath="C:\Users\ngrus\Google Drive\Repos\LeagueManager\src\Application\LeagueManager.Application\TeamLeagues\Commands\CreateTeamLeagueCommandHandler.cs" />
        <File uid="32" fullPath="C:\Users\ngrus\Google Drive\Repos\LeagueManager\src\Application\LeagueManager.Application\TeamLeagues\Commands\CreateTeamLeagueCommandValidator.cs" />
        <File uid="33" fullPath="C:\Users\ngrus\Google Drive\Repos\LeagueManager\src\Application\LeagueManager.Application\TeamLeagueMatches\Commands\UpdateTeamLeagueMatch\UpdateTeamLeagueMatchCommand.cs" />
        <File uid="34" fullPath="C:\Users\ngrus\Google Drive\Repos\LeagueManager\src\Application\LeagueManager.Application\TeamLeagueMatches\Commands\UpdateTeamLeagueMatch\UpdateTeamLeagueMatchCommandHandler.cs" />
        <File uid="35" fullPath="C:\Users\ngrus\Google Drive\Repos\LeagueManager\src\Application\LeagueManager.Application\TeamLeagueMatches\Commands\UpdateTeamLeagueMatch\UpdateTeamLeagueMatchCommandValidator.cs" />
        <File uid="36" fullPath="C:\Users\ngrus\Google Drive\Repos\LeagueManager\src\Application\LeagueManager.Application\TeamLeagueMatches\Commands\UpdateTeamLeagueMatchScore\UpdateTeamLeagueMatchScoreCommand.cs" />
        <File uid="37" fullPath="C:\Users\ngrus\Google Drive\Repos\LeagueManager\src\Application\LeagueManager.Application\TeamLeagueMatches\Commands\UpdateTeamLeagueMatchScore\UpdateTeamLeagueMatchScoreCommandHandler.cs" />
        <File uid="38" fullPath="C:\Users\ngrus\Google Drive\Repos\LeagueManager\src\Application\LeagueManager.Application\Sports\Queries\GetTeamSports\GetTeamSportsQueryHandler.cs" />
        <File uid="39" fullPath="C:\Users\ngrus\Google Drive\Repos\LeagueManager\src\Application\LeagueManager.Application\Sports\Queries\GetTeamSports\TeamSportDto.cs" />
        <File uid="40" fullPath="C:\Users\ngrus\Google Drive\Repos\LeagueManager\src\Application\LeagueManager.Application\Sports\Queries\GetTeamSports\TeamSportOptionsDto.cs" />
        <File uid="41" fullPath="C:\Users\ngrus\Google Drive\Repos\LeagueManager\src\Application\LeagueManager.Application\Exceptions\CompetitionAlreadyExistsException.cs" />
        <File uid="42" fullPath="C:\Users\ngrus\Google Drive\Repos\LeagueManager\src\Application\LeagueManager.Application\Exceptions\CountriesNotFoundException.cs" />
        <File uid="43" fullPath="C:\Users\ngrus\Google Drive\Repos\LeagueManager\src\Application\LeagueManager.Application\Exceptions\CreateTeamLeagueException.cs" />
        <File uid="44" fullPath="C:\Users\ngrus\Google Drive\Repos\LeagueManager\src\Application\LeagueManager.Application\Exceptions\MatchNotFoundException.cs" />
        <File uid="45" fullPath="C:\Users\ngrus\Google Drive\Repos\LeagueManager\src\Application\LeagueManager.Application\Exceptions\SportsNotFoundException.cs" />
        <File uid="46" fullPath="C:\Users\ngrus\Google Drive\Repos\LeagueManager\src\Application\LeagueManager.Application\Exceptions\TeamAlreadyExistsException.cs" />
        <File uid="47" fullPath="C:\Users\ngrus\Google Drive\Repos\LeagueManager\src\Application\LeagueManager.Application\Exceptions\TeamNotFoundException.cs" />
        <File uid="48" fullPath="C:\Users\ngrus\Google Drive\Repos\LeagueManager\src\Application\LeagueManager.Application\Countries\Queries\GetCountries\CountryDto.cs" />
        <File uid="49" fullPath="C:\Users\ngrus\Google Drive\Repos\LeagueManager\src\Application\LeagueManager.Application\Countries\Queries\GetCountries\GetCountriesQueryHandler.cs" />
        <File uid="50" fullPath="C:\Users\ngrus\Google Drive\Repos\LeagueManager\src\Application\LeagueManager.Application\Config\DbConfig.cs" />
        <File uid="51" fullPath="C:\Users\ngrus\Google Drive\Repos\LeagueManager\src\Application\LeagueManager.Application\Competitions\Queries\GetCompetition\GetCompetitionQuery.cs" />
        <File uid="52" fullPath="C:\Users\ngrus\Google Drive\Repos\LeagueManager\src\Application\LeagueManager.Application\Competitions\Queries\GetCompetition\GetCompetitionQueryHandler.cs" />
        <File uid="53" fullPath="C:\Users\ngrus\Google Drive\Repos\LeagueManager\src\Application\LeagueManager.Application\Competitions\Queries\GetCompetitions\GetCompetitionsQuery.cs" />
        <File uid="54" fullPath="C:\Users\ngrus\Google Drive\Repos\LeagueManager\src\Application\LeagueManager.Application\Competitions\Queries\GetCompetitions\GetCompetitionsQueryHandler.cs" />
        <File uid="55" fullPath="C:\Users\ngrus\Google Drive\Repos\LeagueManager\src\Application\LeagueManager.Application\Competitions\Queries\Dto\CompetitionDto.cs" />
        <File uid="56" fullPath="C:\Users\ngrus\Google Drive\Repos\LeagueManager\src\Application\LeagueManager.Application\AutoMapper\ApplicationProfile.cs" />
      </Files>
      <Classes>
        <Class>
          <Summary numSequencePoints="4" visitedSequencePoints="0" numBranchPoints="0" visitedBranchPoints="0" sequenceCoverage="0" branchCoverage="100" maxCyclomaticComplexity="1" minCyclomaticComplexity="1" visitedClasses="0" numClasses="1" visitedMethods="0" numMethods="1" />
          <FullName>LeagueManager.Application.Teams.Queries.GetTeams.GetTeamsQueryHandler</FullName>
          <Methods>
            <Method cyclomaticComplexity="1" nPathComplexity="0" sequenceCoverage="0" branchCoverage="100" isConstructor="True" isGetter="False" isSetter="False" isStatic="True">
              <Summary numSequencePoints="4" visitedSequencePoints="0" numBranchPoints="0" visitedBranchPoints="0" sequenceCoverage="0" branchCoverage="100" maxCyclomaticComplexity="1" minCyclomaticComplexity="1" visitedClasses="0" numClasses="0" visitedMethods="0" numMethods="1" />
              <MetadataToken />
              <Name>System.Void LeagueManager.Application.Teams.Queries.GetTeams.GetTeamsQueryHandler::.ctor(LeagueManager.Application.Interfaces.ILeagueManagerDbContext)</Name>
              <FileRef uid="8" />
              <SequencePoints>
                <SequencePoint vc="0" uspid="15" ordinal="0" sl="15" sc="1" el="15" ec="2" bec="0" bev="0" fileid="8" />
                <SequencePoint vc="0" uspid="16" ordinal="1" sl="16" sc="1" el="16" ec="2" bec="0" bev="0" fileid="8" />
                <SequencePoint vc="0" uspid="17" ordinal="2" sl="17" sc="1" el="17" ec="2" bec="0" bev="0" fileid="8" />
                <SequencePoint vc="0" uspid="18" ordinal="3" sl="18" sc="1" el="18" ec="2" bec="0" bev="0" fileid="8" />
              </SequencePoints>
              <BranchPoints />
              <MethodPoint vc="0" uspid="0" p8:type="SequencePoint" ordinal="0" offset="0" sc="0" sl="15" ec="1" el="18" bec="0" bev="0" fileid="8" xmlns:p8="xsi" />
            </Method>
          </Methods>
        </Class>
        <Class>
[...]
                <SequencePoint vc="0" uspid="165" ordinal="141" sl="165" sc="1" el="165" ec="2" bec="0" bev="0" fileid="93" />
                <SequencePoint vc="0" uspid="166" ordinal="142" sl="166" sc="1" el="166" ec="2" bec="0" bev="0" fileid="93" />
                <SequencePoint vc="0" uspid="167" ordinal="143" sl="167" sc="1" el="167" ec="2" bec="0" bev="0" fileid="93" />
                <SequencePoint vc="0" uspid="168" ordinal="144" sl="168" sc="1" el="168" ec="2" bec="0" bev="0" fileid="93" />
                <SequencePoint vc="0" uspid="169" ordinal="145" sl="169" sc="1" el="169" ec="2" bec="0" bev="0" fileid="93" />
                <SequencePoint vc="0" uspid="170" ordinal="146" sl="170" sc="1" el="170" ec="2" bec="0" bev="0" fileid="93" />
                <SequencePoint vc="0" uspid="171" ordinal="147" sl="171" sc="1" el="171" ec="2" bec="0" bev="0" fileid="93" />
                <SequencePoint vc="0" uspid="172" ordinal="148" sl="172" sc="1" el="172" ec="2" bec="0" bev="0" fileid="93" />
                <SequencePoint vc="0" uspid="173" ordinal="149" sl="173" sc="1" el="173" ec="2" bec="0" bev="0" fileid="93" />
                <SequencePoint vc="0" uspid="174" ordinal="150" sl="174" sc="1" el="174" ec="2" bec="0" bev="0" fileid="93" />
                <SequencePoint vc="0" uspid="175" ordinal="151" sl="175" sc="1" el="175" ec="2" bec="0" bev="0" fileid="93" />
                <SequencePoint vc="0" uspid="176" ordinal="152" sl="176" sc="1" el="176" ec="2" bec="0" bev="0" fileid="93" />
                <SequencePoint vc="0" uspid="177" ordinal="153" sl="177" sc="1" el="177" ec="2" bec="0" bev="0" fileid="93" />
                <SequencePoint vc="0" uspid="178" ordinal="154" sl="178" sc="1" el="178" ec="2" bec="0" bev="0" fileid="93" />
                <SequencePoint vc="0" uspid="179" ordinal="155" sl="179" sc="1" el="179" ec="2" bec="0" bev="0" fileid="93" />
                <SequencePoint vc="0" uspid="180" ordinal="156" sl="180" sc="1" el="180" ec="2" bec="0" bev="0" fileid="93" />
                <SequencePoint vc="0" uspid="182" ordinal="157" sl="182" sc="1" el="182" ec="2" bec="0" bev="0" fileid="93" />
                <SequencePoint vc="0" uspid="183" ordinal="158" sl="183" sc="1" el="183" ec="2" bec="0" bev="0" fileid="93" />
                <SequencePoint vc="0" uspid="184" ordinal="159" sl="184" sc="1" el="184" ec="2" bec="0" bev="0" fileid="93" />
                <SequencePoint vc="0" uspid="185" ordinal="160" sl="185" sc="1" el="185" ec="2" bec="0" bev="0" fileid="93" />
                <SequencePoint vc="0" uspid="186" ordinal="161" sl="186" sc="1" el="186" ec="2" bec="0" bev="0" fileid="93" />
                <SequencePoint vc="0" uspid="187" ordinal="162" sl="187" sc="1" el="187" ec="2" bec="0" bev="0" fileid="93" />
                <SequencePoint vc="0" uspid="188" ordinal="163" sl="188" sc="1" el="188" ec="2" bec="0" bev="0" fileid="93" />
                <SequencePoint vc="0" uspid="189" ordinal="164" sl="189" sc="1" el="189" ec="2" bec="0" bev="0" fileid="93" />
                <SequencePoint vc="0" uspid="190" ordinal="165" sl="190" sc="1" el="190" ec="2" bec="0" bev="0" fileid="93" />
                <SequencePoint vc="0" uspid="191" ordinal="166" sl="191" sc="1" el="191" ec="2" bec="0" bev="0" fileid="93" />
                <SequencePoint vc="0" uspid="192" ordinal="167" sl="192" sc="1" el="192" ec="2" bec="0" bev="0" fileid="93" />
                <SequencePoint vc="0" uspid="193" ordinal="168" sl="193" sc="1" el="193" ec="2" bec="0" bev="0" fileid="93" />
                <SequencePoint vc="0" uspid="195" ordinal="169" sl="195" sc="1" el="195" ec="2" bec="0" bev="0" fileid="93" />
                <SequencePoint vc="0" uspid="196" ordinal="170" sl="196" sc="1" el="196" ec="2" bec="0" bev="0" fileid="93" />
                <SequencePoint vc="0" uspid="197" ordinal="171" sl="197" sc="1" el="197" ec="2" bec="0" bev="0" fileid="93" />
                <SequencePoint vc="0" uspid="198" ordinal="172" sl="198" sc="1" el="198" ec="2" bec="0" bev="0" fileid="93" />
                <SequencePoint vc="0" uspid="199" ordinal="173" sl="199" sc="1" el="199" ec="2" bec="0" bev="0" fileid="93" />
                <SequencePoint vc="0" uspid="200" ordinal="174" sl="200" sc="1" el="200" ec="2" bec="0" bev="0" fileid="93" />
                <SequencePoint vc="0" uspid="201" ordinal="175" sl="201" sc="1" el="201" ec="2" bec="0" bev="0" fileid="93" />
                <SequencePoint vc="0" uspid="202" ordinal="176" sl="202" sc="1" el="202" ec="2" bec="0" bev="0" fileid="93" />
                <SequencePoint vc="0" uspid="203" ordinal="177" sl="203" sc="1" el="203" ec="2" bec="0" bev="0" fileid="93" />
                <SequencePoint vc="0" uspid="204" ordinal="178" sl="204" sc="1" el="204" ec="2" bec="0" bev="0" fileid="93" />
                <SequencePoint vc="0" uspid="205" ordinal="179" sl="205" sc="1" el="205" ec="2" bec="0" bev="0" fileid="93" />
                <SequencePoint vc="0" uspid="206" ordinal="180" sl="206" sc="1" el="206" ec="2" bec="0" bev="0" fileid="93" />
                <SequencePoint vc="0" uspid="207" ordinal="181" sl="207" sc="1" el="207" ec="2" bec="0" bev="0" fileid="93" />
                <SequencePoint vc="0" uspid="208" ordinal="182" sl="208" sc="1" el="208" ec="2" bec="0" bev="0" fileid="93" />
                <SequencePoint vc="0" uspid="209" ordinal="183" sl="209" sc="1" el="209" ec="2" bec="0" bev="0" fileid="93" />
                <SequencePoint vc="0" uspid="210" ordinal="184" sl="210" sc="1" el="210" ec="2" bec="0" bev="0" fileid="93" />
                <SequencePoint vc="0" uspid="212" ordinal="185" sl="212" sc="1" el="212" ec="2" bec="0" bev="0" fileid="93" />
                <SequencePoint vc="0" uspid="213" ordinal="186" sl="213" sc="1" el="213" ec="2" bec="0" bev="0" fileid="93" />
                <SequencePoint vc="0" uspid="214" ordinal="187" sl="214" sc="1" el="214" ec="2" bec="0" bev="0" fileid="93" />
                <SequencePoint vc="0" uspid="215" ordinal="188" sl="215" sc="1" el="215" ec="2" bec="0" bev="0" fileid="93" />
                <SequencePoint vc="0" uspid="216" ordinal="189" sl="216" sc="1" el="216" ec="2" bec="0" bev="0" fileid="93" />
                <SequencePoint vc="0" uspid="217" ordinal="190" sl="217" sc="1" el="217" ec="2" bec="0" bev="0" fileid="93" />
                <SequencePoint vc="0" uspid="218" ordinal="191" sl="218" sc="1" el="218" ec="2" bec="0" bev="0" fileid="93" />
                <SequencePoint vc="0" uspid="219" ordinal="192" sl="219" sc="1" el="219" ec="2" bec="0" bev="0" fileid="93" />
                <SequencePoint vc="0" uspid="220" ordinal="193" sl="220" sc="1" el="220" ec="2" bec="0" bev="0" fileid="93" />
                <SequencePoint vc="0" uspid="221" ordinal="194" sl="221" sc="1" el="221" ec="2" bec="0" bev="0" fileid="93" />
                <SequencePoint vc="0" uspid="222" ordinal="195" sl="222" sc="1" el="222" ec="2" bec="0" bev="0" fileid="93" />
                <SequencePoint vc="0" uspid="223" ordinal="196" sl="223" sc="1" el="223" ec="2" bec="0" bev="0" fileid="93" />
                <SequencePoint vc="0" uspid="225" ordinal="197" sl="225" sc="1" el="225" ec="2" bec="0" bev="0" fileid="93" />
                <SequencePoint vc="0" uspid="226" ordinal="198" sl="226" sc="1" el="226" ec="2" bec="0" bev="0" fileid="93" />
                <SequencePoint vc="0" uspid="227" ordinal="199" sl="227" sc="1" el="227" ec="2" bec="0" bev="0" fileid="93" />
                <SequencePoint vc="0" uspid="228" ordinal="200" sl="228" sc="1" el="228" ec="2" bec="0" bev="0" fileid="93" />
                <SequencePoint vc="0" uspid="229" ordinal="201" sl="229" sc="1" el="229" ec="2" bec="0" bev="0" fileid="93" />
                <SequencePoint vc="0" uspid="230" ordinal="202" sl="230" sc="1" el="230" ec="2" bec="0" bev="0" fileid="93" />
                <SequencePoint vc="0" uspid="231" ordinal="203" sl="231" sc="1" el="231" ec="2" bec="0" bev="0" fileid="93" />
                <SequencePoint vc="0" uspid="232" ordinal="204" sl="232" sc="1" el="232" ec="2" bec="0" bev="0" fileid="93" />
                <SequencePoint vc="0" uspid="233" ordinal="205" sl="233" sc="1" el="233" ec="2" bec="0" bev="0" fileid="93" />
                <SequencePoint vc="0" uspid="234" ordinal="206" sl="234" sc="1" el="234" ec="2" bec="0" bev="0" fileid="93" />
                <SequencePoint vc="0" uspid="235" ordinal="207" sl="235" sc="1" el="235" ec="2" bec="0" bev="0" fileid="93" />
                <SequencePoint vc="0" uspid="236" ordinal="208" sl="236" sc="1" el="236" ec="2" bec="0" bev="0" fileid="93" />
                <SequencePoint vc="0" uspid="237" ordinal="209" sl="237" sc="1" el="237" ec="2" bec="0" bev="0" fileid="93" />
                <SequencePoint vc="0" uspid="238" ordinal="210" sl="238" sc="1" el="238" ec="2" bec="0" bev="0" fileid="93" />
                <SequencePoint vc="0" uspid="240" ordinal="211" sl="240" sc="1" el="240" ec="2" bec="0" bev="0" fileid="93" />
                <SequencePoint vc="0" uspid="241" ordinal="212" sl="241" sc="1" el="241" ec="2" bec="0" bev="0" fileid="93" />
                <SequencePoint vc="0" uspid="242" ordinal="213" sl="242" sc="1" el="242" ec="2" bec="0" bev="0" fileid="93" />
                <SequencePoint vc="0" uspid="243" ordinal="214" sl="243" sc="1" el="243" ec="2" bec="0" bev="0" fileid="93" />
                <SequencePoint vc="0" uspid="244" ordinal="215" sl="244" sc="1" el="244" ec="2" bec="0" bev="0" fileid="93" />
                <SequencePoint vc="0" uspid="245" ordinal="216" sl="245" sc="1" el="245" ec="2" bec="0" bev="0" fileid="93" />
                <SequencePoint vc="0" uspid="247" ordinal="217" sl="247" sc="1" el="247" ec="2" bec="0" bev="0" fileid="93" />
                <SequencePoint vc="0" uspid="248" ordinal="218" sl="248" sc="1" el="248" ec="2" bec="0" bev="0" fileid="93" />
                <SequencePoint vc="0" uspid="249" ordinal="219" sl="249" sc="1" el="249" ec="2" bec="0" bev="0" fileid="93" />
                <SequencePoint vc="0" uspid="250" ordinal="220" sl="250" sc="1" el="250" ec="2" bec="0" bev="0" fileid="93" />
                <SequencePoint vc="0" uspid="251" ordinal="221" sl="251" sc="1" el="251" ec="2" bec="0" bev="0" fileid="93" />
                <SequencePoint vc="0" uspid="252" ordinal="222" sl="252" sc="1" el="252" ec="2" bec="0" bev="0" fileid="93" />
                <SequencePoint vc="0" uspid="253" ordinal="223" sl="253" sc="1" el="253" ec="2" bec="0" bev="0" fileid="93" />
                <SequencePoint vc="0" uspid="254" ordinal="224" sl="254" sc="1" el="254" ec="2" bec="0" bev="0" fileid="93" />
                <SequencePoint vc="0" uspid="255" ordinal="225" sl="255" sc="1" el="255" ec="2" bec="0" bev="0" fileid="93" />
                <SequencePoint vc="0" uspid="256" ordinal="226" sl="256" sc="1" el="256" ec="2" bec="0" bev="0" fileid="93" />
                <SequencePoint vc="0" uspid="258" ordinal="227" sl="258" sc="1" el="258" ec="2" bec="0" bev="0" fileid="93" />
                <SequencePoint vc="0" uspid="259" ordinal="228" sl="259" sc="1" el="259" ec="2" bec="0" bev="0" fileid="93" />
                <SequencePoint vc="0" uspid="260" ordinal="229" sl="260" sc="1" el="260" ec="2" bec="0" bev="0" fileid="93" />
                <SequencePoint vc="0" uspid="261" ordinal="230" sl="261" sc="1" el="261" ec="2" bec="0" bev="0" fileid="93" />
                <SequencePoint vc="0" uspid="262" ordinal="231" sl="262" sc="1" el="262" ec="2" bec="0" bev="0" fileid="93" />
                <SequencePoint vc="0" uspid="263" ordinal="232" sl="263" sc="1" el="263" ec="2" bec="0" bev="0" fileid="93" />
                <SequencePoint vc="0" uspid="265" ordinal="233" sl="265" sc="1" el="265" ec="2" bec="0" bev="0" fileid="93" />
                <SequencePoint vc="0" uspid="266" ordinal="234" sl="266" sc="1" el="266" ec="2" bec="0" bev="0" fileid="93" />
                <SequencePoint vc="0" uspid="267" ordinal="235" sl="267" sc="1" el="267" ec="2" bec="0" bev="0" fileid="93" />
                <SequencePoint vc="0" uspid="268" ordinal="236" sl="268" sc="1" el="268" ec="2" bec="0" bev="0" fileid="93" />
                <SequencePoint vc="0" uspid="269" ordinal="237" sl="269" sc="1" el="269" ec="2" bec="0" bev="0" fileid="93" />
                <SequencePoint vc="0" uspid="270" ordinal="238" sl="270" sc="1" el="270" ec="2" bec="0" bev="0" fileid="93" />
                <SequencePoint vc="0" uspid="271" ordinal="239" sl="271" sc="1" el="271" ec="2" bec="0" bev="0" fileid="93" />
                <SequencePoint vc="0" uspid="272" ordinal="240" sl="272" sc="1" el="272" ec="2" bec="0" bev="0" fileid="93" />
                <SequencePoint vc="0" uspid="273" ordinal="241" sl="273" sc="1" el="273" ec="2" bec="0" bev="0" fileid="93" />
                <SequencePoint vc="0" uspid="274" ordinal="242" sl="274" sc="1" el="274" ec="2" bec="0" bev="0" fileid="93" />
                <SequencePoint vc="0" uspid="275" ordinal="243" sl="275" sc="1" el="275" ec="2" bec="0" bev="0" fileid="93" />
                <SequencePoint vc="0" uspid="276" ordinal="244" sl="276" sc="1" el="276" ec="2" bec="0" bev="0" fileid="93" />
                <SequencePoint vc="0" uspid="277" ordinal="245" sl="277" sc="1" el="277" ec="2" bec="0" bev="0" fileid="93" />
                <SequencePoint vc="0" uspid="278" ordinal="246" sl="278" sc="1" el="278" ec="2" bec="0" bev="0" fileid="93" />
                <SequencePoint vc="0" uspid="280" ordinal="247" sl="280" sc="1" el="280" ec="2" bec="0" bev="0" fileid="93" />
                <SequencePoint vc="0" uspid="281" ordinal="248" sl="281" sc="1" el="281" ec="2" bec="0" bev="0" fileid="93" />
                <SequencePoint vc="0" uspid="282" ordinal="249" sl="282" sc="1" el="282" ec="2" bec="0" bev="0" fileid="93" />
                <SequencePoint vc="0" uspid="283" ordinal="250" sl="283" sc="1" el="283" ec="2" bec="0" bev="0" fileid="93" />
                <SequencePoint vc="0" uspid="284" ordinal="251" sl="284" sc="1" el="284" ec="2" bec="0" bev="0" fileid="93" />
                <SequencePoint vc="0" uspid="285" ordinal="252" sl="285" sc="1" el="285" ec="2" bec="0" bev="0" fileid="93" />
                <SequencePoint vc="0" uspid="287" ordinal="253" sl="287" sc="1" el="287" ec="2" bec="0" bev="0" fileid="93" />
                <SequencePoint vc="0" uspid="288" ordinal="254" sl="288" sc="1" el="288" ec="2" bec="0" bev="0" fileid="93" />
                <SequencePoint vc="0" uspid="289" ordinal="255" sl="289" sc="1" el="289" ec="2" bec="0" bev="0" fileid="93" />
                <SequencePoint vc="0" uspid="290" ordinal="256" sl="290" sc="1" el="290" ec="2" bec="0" bev="0" fileid="93" />
                <SequencePoint vc="0" uspid="291" ordinal="257" sl="291" sc="1" el="291" ec="2" bec="0" bev="0" fileid="93" />
                <SequencePoint vc="0" uspid="292" ordinal="258" sl="292" sc="1" el="292" ec="2" bec="0" bev="0" fileid="93" />
                <SequencePoint vc="0" uspid="294" ordinal="259" sl="294" sc="1" el="294" ec="2" bec="0" bev="0" fileid="93" />
              </SequencePoints>
              <BranchPoints>
                <BranchPoint vc="0" uspid="22" ordinal="0" path="0" offset="66" offsetend="68" sl="22" fileid="93" />
                <BranchPoint vc="0" uspid="22" ordinal="1" path="1" offset="66" offsetend="91" sl="22" fileid="93" />
                <BranchPoint vc="0" uspid="39" ordinal="2" path="0" offset="109" offsetend="111" sl="39" fileid="93" />
                <BranchPoint vc="0" uspid="39" ordinal="3" path="1" offset="109" offsetend="134" sl="39" fileid="93" />
                <BranchPoint vc="0" uspid="66" ordinal="4" path="0" offset="152" offsetend="154" sl="66" fileid="93" />
                <BranchPoint vc="0" uspid="66" ordinal="5" path="1" offset="152" offsetend="177" sl="66" fileid="93" />
                <BranchPoint vc="0" uspid="85" ordinal="6" path="0" offset="195" offsetend="197" sl="85" fileid="93" />
                <BranchPoint vc="0" uspid="85" ordinal="7" path="1" offset="195" offsetend="220" sl="85" fileid="93" />
                <BranchPoint vc="0" uspid="104" ordinal="8" path="0" offset="238" offsetend="240" sl="104" fileid="93" />
                <BranchPoint vc="0" uspid="104" ordinal="9" path="1" offset="238" offsetend="263" sl="104" fileid="93" />
                <BranchPoint vc="0" uspid="123" ordinal="10" path="0" offset="281" offsetend="283" sl="123" fileid="93" />
                <BranchPoint vc="0" uspid="123" ordinal="11" path="1" offset="281" offsetend="306" sl="123" fileid="93" />
                <BranchPoint vc="0" uspid="148" ordinal="12" path="0" offset="324" offsetend="326" sl="148" fileid="93" />
                <BranchPoint vc="0" uspid="148" ordinal="13" path="1" offset="324" offsetend="349" sl="148" fileid="93" />
                <BranchPoint vc="0" uspid="165" ordinal="14" path="0" offset="367" offsetend="369" sl="165" fileid="93" />
                <BranchPoint vc="0" uspid="165" ordinal="15" path="1" offset="367" offsetend="392" sl="165" fileid="93" />
                <BranchPoint vc="0" uspid="182" ordinal="16" path="0" offset="410" offsetend="412" sl="182" fileid="93" />
                <BranchPoint vc="0" uspid="182" ordinal="17" path="1" offset="410" offsetend="435" sl="182" fileid="93" />
                <BranchPoint vc="0" uspid="195" ordinal="18" path="0" offset="453" offsetend="455" sl="195" fileid="93" />
                <BranchPoint vc="0" uspid="195" ordinal="19" path="1" offset="453" offsetend="478" sl="195" fileid="93" />
                <BranchPoint vc="0" uspid="212" ordinal="20" path="0" offset="496" offsetend="498" sl="212" fileid="93" />
                <BranchPoint vc="0" uspid="212" ordinal="21" path="1" offset="496" offsetend="521" sl="212" fileid="93" />
                <BranchPoint vc="0" uspid="225" ordinal="22" path="0" offset="539" offsetend="541" sl="225" fileid="93" />
                <BranchPoint vc="0" uspid="225" ordinal="23" path="1" offset="539" offsetend="564" sl="225" fileid="93" />
                <BranchPoint vc="0" uspid="240" ordinal="24" path="0" offset="582" offsetend="584" sl="240" fileid="93" />
                <BranchPoint vc="0" uspid="240" ordinal="25" path="1" offset="582" offsetend="607" sl="240" fileid="93" />
                <BranchPoint vc="0" uspid="247" ordinal="26" path="0" offset="625" offsetend="627" sl="247" fileid="93" />
                <BranchPoint vc="0" uspid="247" ordinal="27" path="1" offset="625" offsetend="650" sl="247" fileid="93" />
                <BranchPoint vc="0" uspid="258" ordinal="28" path="0" offset="668" offsetend="670" sl="258" fileid="93" />
                <BranchPoint vc="0" uspid="258" ordinal="29" path="1" offset="668" offsetend="693" sl="258" fileid="93" />
                <BranchPoint vc="0" uspid="265" ordinal="30" path="0" offset="711" offsetend="713" sl="265" fileid="93" />
                <BranchPoint vc="0" uspid="265" ordinal="31" path="1" offset="711" offsetend="736" sl="265" fileid="93" />
                <BranchPoint vc="0" uspid="280" ordinal="32" path="0" offset="754" offsetend="756" sl="280" fileid="93" />
                <BranchPoint vc="0" uspid="280" ordinal="33" path="1" offset="754" offsetend="779" sl="280" fileid="93" />
                <BranchPoint vc="0" uspid="287" ordinal="34" path="0" offset="797" offsetend="799" sl="287" fileid="93" />
                <BranchPoint vc="0" uspid="287" ordinal="35" path="1" offset="797" offsetend="822" sl="287" fileid="93" />
              </BranchPoints>
              <MethodPoint vc="0" uspid="0" p8:type="SequencePoint" ordinal="0" offset="0" sc="0" sl="15" ec="1" el="294" bec="0" bev="0" fileid="93" xmlns:p8="xsi" />
            </Method>
          </Methods>
        </Class>
      </Classes>
    </Module>
  </Modules>
</CoverageSession>